T4BB8 000:000.534   SEGGER J-Link V8.12c Log File
T4BB8 000:000.643   DLL Compiled: Jan 22 2025 12:55:59
T4BB8 000:000.667   Logging started @ 2025-04-20 13:46
T4BB8 000:000.681   Process: C:\Users\a8456\.eclipse\com.renesas.platform_1309835749\DebugComp\RA\e2-server-gdb.exe
T4BB8 000:000.698 - 0.694ms 
T4BB8 000:000.717 JLINK_GetDLLVersion()
T4BB8 000:000.731 - 0.013ms returns 81203
T4BB8 000:002.313 JLINK_OpenEx(...)
T4BB8 000:013.273   Firmware: J-Link V9 compiled May  7 2021 16:26:12
T4BB8 000:013.944   Firmware: J-Link V9 compiled May  7 2021 16:26:12
T4BB8 000:014.098   Decompressing FW timestamp took 91 us
T4BB8 000:019.462   Hardware: V9.60
T4BB8 000:019.488   S/N: 69660718
T4BB8 000:019.508   OEM: SEGGER
T4BB8 000:019.672   Feature(s): RDI, GDB, FlashDL, FlashBP, JFlash
T4BB8 000:020.192   Bootloader: (FW returned invalid version)
T4BB8 000:020.877   TELNET listener socket opened on port 19021
T4BB8 000:020.998   WEBSRV WEBSRV_Init(): Starting webserver thread(s)
T4BB8 000:021.179   WEBSRV Webserver running on local port 19080
T4BB8 000:021.283   Looking for J-Link GUI Server exe at: C:\Users\a8456\.eclipse\com.renesas.platform_1309835749\DebugComp\RA\ARM\Segger_v8.12.3\JLinkGUIServer.exe
T4BB8 000:021.366   Looking for J-Link GUI Server exe at: C:\Program Files\SEGGER\JLink_V818\JLinkGUIServer.exe
T4BB8 000:021.392   Forking J-Link GUI Server: C:\Program Files\SEGGER\JLink_V818\JLinkGUIServer.exe
T4BB8 000:044.810   J-Link GUI Server info: "J-Link GUI server V8.18 "
T4BB8 000:049.560 - 47.237ms returns "O.K."
T4BB8 000:049.712 JLINK_TIF_Select(JLINKARM_TIF_SWD)
T4BB8 000:050.282 - 0.569ms returns 0x00
T4BB8 000:050.303 JLINK_ClrRESET()
T4BB8 000:050.781 - 0.477ms 
T4BB8 000:100.951 JLINK_SetSpeed(1500)
T4BB8 000:101.052 - 0.105ms 
T4BB8 000:101.075 JLINK_CORESIGHT_Configure(PerformTIFInit=0)
T4BB8 000:101.435 - 0.363ms returns 0
T4BB8 000:101.447 JLINK_CORESIGHT_ReadAPDPReg(DP reg 0x00)
T4BB8 000:101.927   Value=0x6BA02477
T4BB8 000:101.939 - 0.494ms returns 0
T4BB8 000:101.947 JLINK_CORESIGHT_WriteAPDPReg(DP reg 0x00, 0x0000001F)
T4BB8 000:102.134 - 0.187ms returns 0
T4BB8 000:102.144 JLINK_CORESIGHT_ReadAPDPReg(DP reg 0x00)
T4BB8 000:102.322   Value=0x6BA02477
T4BB8 000:102.331 - 0.187ms returns 0
T4BB8 000:102.339 JLINK_CORESIGHT_WriteAPDPReg(DP reg 0x02, 0x00000000)
T4BB8 000:102.631 - 0.292ms returns 0
T4BB8 000:102.646 JLINK_CORESIGHT_WriteAPDPReg(DP reg 0x01, 0x50000000)
T4BB8 000:102.845 - 0.198ms returns 0
T4BB8 000:102.867 JLINK_CORESIGHT_ReadAPDPReg(DP reg 0x01)
T4BB8 000:103.055   Value=0xD0000040
T4BB8 000:103.083 - 0.216ms returns 0
T4BB8 000:103.099 JLINK_CORESIGHT_ReadAPDPReg(DP reg 0x01)
T4BB8 000:103.282   Value=0xD0000040
T4BB8 000:103.317 - 0.218ms returns 0
T4BB8 000:103.326 JLINK_CORESIGHT_ReadAPDPReg(DP reg 0x01)
T4BB8 000:103.618   Value=0xD0000040
T4BB8 000:103.651 - 0.324ms returns 0
T4BB8 000:103.660 JLINK_CORESIGHT_ReadAPDPReg(DP reg 0x01)
T4BB8 000:103.846   Value=0xD0000040
T4BB8 000:103.862 - 0.201ms returns 0
T4BB8 000:103.870 JLINK_CORESIGHT_ReadAPDPReg(DP reg 0x01)
T4BB8 000:104.064   Value=0xD0000040
T4BB8 000:104.078 - 0.207ms returns 0
T4BB8 000:104.086 JLINK_CORESIGHT_ReadAPDPReg(DP reg 0x01)
T4BB8 000:104.264   Value=0xD0000040
T4BB8 000:104.277 - 0.191ms returns 0
T4BB8 000:104.286 JLINK_CORESIGHT_ReadAPDPReg(DP reg 0x01)
T4BB8 000:104.470   Value=0xF0000040
T4BB8 000:104.479 - 0.193ms returns 0
T4BB8 000:104.486 JLINK_CORESIGHT_WriteAPDPReg(DP reg 0x00, 0x0000001F)
T4BB8 000:104.716 - 0.230ms returns 0
T4BB8 000:104.727 JLINK_CORESIGHT_ReadAPDPReg(DP reg 0x00)
T4BB8 000:104.902   Value=0x6BA02477
T4BB8 000:104.915 - 0.188ms returns 0
T4BB8 000:104.923 JLINK_CORESIGHT_WriteAPDPReg(DP reg 0x01, 0x54000000)
T4BB8 000:105.131 - 0.208ms returns 0
T4BB8 000:105.140 JLINK_CORESIGHT_WriteAPDPReg(DP reg 0x01, 0x50000F00)
T4BB8 000:105.321 - 0.179ms returns 0
T4BB8 000:105.336 JLINK_CORESIGHT_WriteAPDPReg(DP reg 0x02, 0x01000000)
T4BB8 000:105.628 - 0.291ms returns 0
T4BB8 000:105.640 JLINK_CORESIGHT_WriteAPDPReg(AP reg 0x00, 0x80000002)
T4BB8 000:105.858 - 0.218ms returns 0
T4BB8 000:105.869 JLINK_CORESIGHT_WriteAPDPReg(AP reg 0x01, 0x80011100)
T4BB8 000:106.054 - 0.185ms returns 0
T4BB8 000:106.063 JLINK_CORESIGHT_WriteAPDPReg(AP reg 0x03, 0x000000A5)
T4BB8 000:106.251 - 0.188ms returns 0
T4BB8 000:106.259 JLINK_CORESIGHT_WriteAPDPReg(AP reg 0x00, 0x80000002)
T4BB8 000:106.437 - 0.178ms returns 0
T4BB8 000:106.445 JLINK_CORESIGHT_WriteAPDPReg(AP reg 0x01, 0x80011100)
T4BB8 000:106.605 - 0.160ms returns 0
T4BB8 000:106.613 JLINK_CORESIGHT_ReadAPDPReg(AP reg 0x03)
T4BB8 000:106.839   Value=0x000000A5
T4BB8 000:106.847 - 0.234ms returns 0
T4BB8 000:106.854 JLINK_ClrTMS()
T4BB8 000:106.889 - 0.035ms 
T4BB8 000:112.409 JLINK_SetTCK()
T4BB8 000:112.487 - 0.077ms returns 0
T4BB8 000:117.592 JLINK_SetRESET()
T4BB8 000:117.661 - 0.068ms 
T4BB8 000:318.111 JLINK_CORESIGHT_WriteAPDPReg(AP reg 0x00, 0x80000002)
T4BB8 000:318.347 - 0.235ms returns 0
T4BB8 000:318.368 JLINK_CORESIGHT_WriteAPDPReg(AP reg 0x01, 0x80011100)
T4BB8 000:318.636 - 0.268ms returns 0
T4BB8 000:318.652 JLINK_CORESIGHT_ReadAPDPReg(AP reg 0x03)
T4BB8 000:318.886   Value=0x00000000
T4BB8 000:318.898 - 0.245ms returns 0
T4BB8 000:318.906 JLINK_CORESIGHT_WriteAPDPReg(AP reg 0x00, 0x80000002)
T4BB8 000:319.097 - 0.190ms returns 0
T4BB8 000:319.109 JLINK_CORESIGHT_WriteAPDPReg(AP reg 0x01, 0x80011140)
T4BB8 000:319.315 - 0.205ms returns 0
T4BB8 000:319.324 JLINK_CORESIGHT_ReadAPDPReg(AP reg 0x03)
T4BB8 000:319.621   Value=0x00000002
T4BB8 000:319.636 - 0.312ms returns 0
T4BB8 000:319.646 JLINK_CORESIGHT_WriteAPDPReg(AP reg 0x00, 0x80000002)
T4BB8 000:319.825 - 0.178ms returns 0
T4BB8 000:319.852 JLINK_CORESIGHT_WriteAPDPReg(AP reg 0x01, 0x80011120)
T4BB8 000:320.060 - 0.208ms returns 0
T4BB8 000:320.086 JLINK_CORESIGHT_WriteAPDPReg(AP reg 0x03, 0x00000055)
T4BB8 000:320.264 - 0.177ms returns 0
T4BB8 000:320.292 JLINK_CORESIGHT_WriteAPDPReg(AP reg 0x00, 0x80000002)
T4BB8 000:320.486 - 0.194ms returns 0
T4BB8 000:320.497 JLINK_CORESIGHT_WriteAPDPReg(AP reg 0x01, 0x80011140)
T4BB8 000:320.724 - 0.226ms returns 0
T4BB8 000:320.738 JLINK_CORESIGHT_ReadAPDPReg(AP reg 0x03)
T4BB8 000:320.968   Value=0x00000000
T4BB8 000:320.980 - 0.242ms returns 0
T4BB8 000:320.988 JLINK_CORESIGHT_WriteAPDPReg(AP reg 0x00, 0x80000002)
T4BB8 000:321.260 - 0.271ms returns 0
T4BB8 000:321.292 JLINK_CORESIGHT_WriteAPDPReg(AP reg 0x01, 0x80011130)
T4BB8 000:321.486 - 0.195ms returns 0
T4BB8 000:321.499 JLINK_CORESIGHT_ReadAPDPReg(AP reg 0x03)
T4BB8 000:321.755   Value=0x000000C6
T4BB8 000:321.766 - 0.267ms returns 0
T4BB8 000:321.784 JLINK_CORESIGHT_WriteAPDPReg(AP reg 0x00, 0x80000002)
T4BB8 000:321.967 - 0.183ms returns 0
T4BB8 000:321.976 JLINK_CORESIGHT_WriteAPDPReg(AP reg 0x01, 0x80011140)
T4BB8 000:322.147 - 0.170ms returns 0
T4BB8 000:322.155 JLINK_CORESIGHT_ReadAPDPReg(AP reg 0x03)
T4BB8 000:322.373   Value=0x00000002
T4BB8 000:322.382 - 0.227ms returns 0
T4BB8 000:322.389 JLINK_CORESIGHT_WriteAPDPReg(AP reg 0x00, 0x80000002)
T4BB8 000:322.639 - 0.249ms returns 0
T4BB8 000:322.654 JLINK_CORESIGHT_WriteAPDPReg(AP reg 0x01, 0x80011120)
T4BB8 000:322.859 - 0.205ms returns 0
T4BB8 000:322.868 JLINK_CORESIGHT_WriteAPDPReg(AP reg 0x03, 0x3A010001)
T4BB8 000:323.058 - 0.190ms returns 0
T4BB8 000:323.067 JLINK_CORESIGHT_WriteAPDPReg(AP reg 0x00, 0x80000002)
T4BB8 000:323.238 - 0.170ms returns 0
T4BB8 000:323.245 JLINK_CORESIGHT_WriteAPDPReg(AP reg 0x01, 0x80011140)
T4BB8 000:323.453 - 0.207ms returns 0
T4BB8 000:323.464 JLINK_CORESIGHT_ReadAPDPReg(AP reg 0x03)
T4BB8 000:323.737   Value=0x00000002
T4BB8 000:323.748 - 0.284ms returns 0
T4BB8 000:323.756 JLINK_CORESIGHT_WriteAPDPReg(AP reg 0x00, 0x80000002)
T4BB8 000:323.938 - 0.181ms returns 0
T4BB8 000:323.949 JLINK_CORESIGHT_WriteAPDPReg(AP reg 0x01, 0x80011120)
T4BB8 000:324.154 - 0.205ms returns 0
T4BB8 000:324.164 JLINK_CORESIGHT_WriteAPDPReg(AP reg 0x03, 0x000003C5)
T4BB8 000:324.382 - 0.217ms returns 0
T4BB8 000:324.430 JLINK_CORESIGHT_WriteAPDPReg(AP reg 0x00, 0x80000002)
T4BB8 000:325.198 - 0.768ms returns 0
T4BB8 000:325.333 JLINK_CORESIGHT_WriteAPDPReg(AP reg 0x01, 0x80011140)
T4BB8 000:325.632 - 0.299ms returns 0
T4BB8 000:325.658 JLINK_CORESIGHT_ReadAPDPReg(AP reg 0x03)
T4BB8 000:325.977   Value=0x00000002
T4BB8 000:326.036 - 0.377ms returns 0
T4BB8 000:326.052 JLINK_CORESIGHT_ReadAPDPReg(AP reg 0x03)
T4BB8 000:326.348   Value=0x00000002
T4BB8 000:326.379 - 0.326ms returns 0
T4BB8 000:326.394 JLINK_CORESIGHT_ReadAPDPReg(AP reg 0x03)
T4BB8 000:326.682   Value=0x00000002
T4BB8 000:326.709 - 0.315ms returns 0
T4BB8 000:326.725 JLINK_CORESIGHT_ReadAPDPReg(AP reg 0x03)
T4BB8 000:326.986   Value=0x00000002
T4BB8 000:327.024 - 0.299ms returns 0
T4BB8 000:327.035 JLINK_CORESIGHT_ReadAPDPReg(AP reg 0x03)
T4BB8 000:327.255   Value=0x00000002
T4BB8 000:327.267 - 0.232ms returns 0
T4BB8 000:327.274 JLINK_CORESIGHT_ReadAPDPReg(AP reg 0x03)
T4BB8 000:327.484   Value=0x00000002
T4BB8 000:327.516 - 0.241ms returns 0
T4BB8 000:327.529 JLINK_CORESIGHT_ReadAPDPReg(AP reg 0x03)
T4BB8 000:327.755   Value=0x00000002
T4BB8 000:327.766 - 0.237ms returns 0
T4BB8 000:327.774 JLINK_CORESIGHT_ReadAPDPReg(AP reg 0x03)
T4BB8 000:328.007   Value=0x00000002
T4BB8 000:328.017 - 0.243ms returns 0
T4BB8 000:328.025 JLINK_CORESIGHT_ReadAPDPReg(AP reg 0x03)
T4BB8 000:328.256   Value=0x00000002
T4BB8 000:328.270 - 0.245ms returns 0
T4BB8 000:328.279 JLINK_CORESIGHT_ReadAPDPReg(AP reg 0x03)
T4BB8 000:328.511   Value=0x00000002
T4BB8 000:328.532 - 0.253ms returns 0
T4BB8 000:328.542 JLINK_CORESIGHT_ReadAPDPReg(AP reg 0x03)
T4BB8 000:328.757   Value=0x00000002
T4BB8 000:328.768 - 0.225ms returns 0
T4BB8 000:328.776 JLINK_CORESIGHT_ReadAPDPReg(AP reg 0x03)
T4BB8 000:329.006   Value=0x00000000
T4BB8 000:329.015 - 0.238ms returns 0
T4BB8 000:329.023 JLINK_CORESIGHT_WriteAPDPReg(AP reg 0x00, 0x80000002)
T4BB8 000:329.192 - 0.169ms returns 0
T4BB8 000:329.200 JLINK_CORESIGHT_WriteAPDPReg(AP reg 0x01, 0x80011130)
T4BB8 000:329.384 - 0.184ms returns 0
T4BB8 000:329.392 JLINK_CORESIGHT_ReadAPDPReg(AP reg 0x03)
T4BB8 000:329.632   Value=0x3A2A0081
T4BB8 000:329.660 - 0.267ms returns 0
T4BB8 000:329.676 JLINK_CORESIGHT_WriteAPDPReg(AP reg 0x00, 0x80000002)
T4BB8 000:329.866 - 0.190ms returns 0
T4BB8 000:329.882 JLINK_CORESIGHT_WriteAPDPReg(AP reg 0x01, 0x80011140)
T4BB8 000:330.096 - 0.214ms returns 0
T4BB8 000:330.117 JLINK_CORESIGHT_ReadAPDPReg(AP reg 0x03)
T4BB8 000:330.384   Value=0x00000000
T4BB8 000:330.397 - 0.280ms returns 0
T4BB8 000:330.407 JLINK_CORESIGHT_WriteAPDPReg(AP reg 0x00, 0x80000002)
T4BB8 000:330.602 - 0.194ms returns 0
T4BB8 000:330.627 JLINK_CORESIGHT_WriteAPDPReg(AP reg 0x01, 0x80011130)
T4BB8 000:330.852 - 0.225ms returns 0
T4BB8 000:330.878 JLINK_CORESIGHT_ReadAPDPReg(AP reg 0x03)
T4BB8 000:331.138   Value=0x80841E00
T4BB8 000:331.166 - 0.288ms returns 0
T4BB8 000:331.183 JLINK_CORESIGHT_WriteAPDPReg(AP reg 0x00, 0x80000002)
T4BB8 000:331.411 - 0.228ms returns 0
T4BB8 000:331.435 JLINK_CORESIGHT_WriteAPDPReg(AP reg 0x01, 0x80011140)
T4BB8 000:331.719 - 0.284ms returns 0
T4BB8 000:331.746 JLINK_CORESIGHT_ReadAPDPReg(AP reg 0x03)
T4BB8 000:332.011   Value=0x00000000
T4BB8 000:332.032 - 0.285ms returns 0
T4BB8 000:332.047 JLINK_CORESIGHT_WriteAPDPReg(AP reg 0x00, 0x80000002)
T4BB8 000:332.286 - 0.239ms returns 0
T4BB8 000:332.307 JLINK_CORESIGHT_WriteAPDPReg(AP reg 0x01, 0x80011130)
T4BB8 000:332.628 - 0.320ms returns 0
T4BB8 000:332.702 JLINK_CORESIGHT_ReadAPDPReg(AP reg 0x03)
T4BB8 000:332.945   Value=0x000D0803
T4BB8 000:332.970 - 0.268ms returns 0
T4BB8 000:332.984 JLINK_CORESIGHT_WriteAPDPReg(AP reg 0x00, 0x80000002)
T4BB8 000:333.198 - 0.213ms returns 0
T4BB8 000:333.221 JLINK_CORESIGHT_WriteAPDPReg(AP reg 0x01, 0x80011140)
T4BB8 000:333.442 - 0.221ms returns 0
T4BB8 000:333.460 JLINK_CORESIGHT_ReadAPDPReg(AP reg 0x03)
T4BB8 000:333.742   Value=0x00000000
T4BB8 000:333.768 - 0.308ms returns 0
T4BB8 000:333.783 JLINK_CORESIGHT_WriteAPDPReg(AP reg 0x00, 0x80000002)
T4BB8 000:334.031 - 0.248ms returns 0
T4BB8 000:334.056 JLINK_CORESIGHT_WriteAPDPReg(AP reg 0x01, 0x80011130)
T4BB8 000:334.317 - 0.261ms returns 0
T4BB8 000:334.332 JLINK_CORESIGHT_ReadAPDPReg(AP reg 0x03)
T4BB8 000:334.633   Value=0x31574B02
T4BB8 000:334.660 - 0.327ms returns 0
T4BB8 000:334.676 JLINK_CORESIGHT_WriteAPDPReg(AP reg 0x00, 0x80000002)
T4BB8 000:334.894 - 0.218ms returns 0
T4BB8 000:334.920 JLINK_CORESIGHT_WriteAPDPReg(AP reg 0x01, 0x80011140)
T4BB8 000:335.159 - 0.239ms returns 0
T4BB8 000:335.183 JLINK_CORESIGHT_ReadAPDPReg(AP reg 0x03)
T4BB8 000:335.483   Value=0x00000000
T4BB8 000:335.508 - 0.325ms returns 0
T4BB8 000:335.524 JLINK_CORESIGHT_WriteAPDPReg(AP reg 0x00, 0x80000002)
T4BB8 000:335.723 - 0.198ms returns 0
T4BB8 000:335.757 JLINK_CORESIGHT_WriteAPDPReg(AP reg 0x01, 0x80011130)
T4BB8 000:336.017 - 0.259ms returns 0
T4BB8 000:336.041 JLINK_CORESIGHT_ReadAPDPReg(AP reg 0x03)
T4BB8 000:336.330   Value=0x33D8AB74
T4BB8 000:336.349 - 0.308ms returns 0
T4BB8 000:336.366 JLINK_CORESIGHT_WriteAPDPReg(AP reg 0x00, 0x80000002)
T4BB8 000:336.639 - 0.273ms returns 0
T4BB8 000:336.664 JLINK_CORESIGHT_WriteAPDPReg(AP reg 0x01, 0x80011140)
T4BB8 000:336.945 - 0.281ms returns 0
T4BB8 000:336.971 JLINK_CORESIGHT_ReadAPDPReg(AP reg 0x03)
T4BB8 000:337.225   Value=0x00000000
T4BB8 000:337.240 - 0.269ms returns 0
T4BB8 000:337.249 JLINK_CORESIGHT_WriteAPDPReg(AP reg 0x00, 0x80000002)
T4BB8 000:337.473 - 0.224ms returns 0
T4BB8 000:337.483 JLINK_CORESIGHT_WriteAPDPReg(AP reg 0x01, 0x80011130)
T4BB8 000:337.723 - 0.239ms returns 0
T4BB8 000:337.738 JLINK_CORESIGHT_ReadAPDPReg(AP reg 0x03)
T4BB8 000:337.968   Value=0x30383334
T4BB8 000:337.978 - 0.240ms returns 0
T4BB8 000:337.986 JLINK_CORESIGHT_WriteAPDPReg(AP reg 0x00, 0x80000002)
T4BB8 000:338.195 - 0.209ms returns 0
T4BB8 000:338.208 JLINK_CORESIGHT_WriteAPDPReg(AP reg 0x01, 0x80011140)
T4BB8 000:338.439 - 0.231ms returns 0
T4BB8 000:338.464 JLINK_CORESIGHT_ReadAPDPReg(AP reg 0x03)
T4BB8 000:338.750   Value=0x00000000
T4BB8 000:338.761 - 0.297ms returns 0
T4BB8 000:338.769 JLINK_CORESIGHT_WriteAPDPReg(AP reg 0x00, 0x80000002)
T4BB8 000:338.973 - 0.203ms returns 0
T4BB8 000:339.000 JLINK_CORESIGHT_WriteAPDPReg(AP reg 0x01, 0x80011130)
T4BB8 000:339.220 - 0.219ms returns 0
T4BB8 000:339.241 JLINK_CORESIGHT_ReadAPDPReg(AP reg 0x03)
T4BB8 000:339.502   Value=0x25123130
T4BB8 000:339.525 - 0.284ms returns 0
T4BB8 000:339.539 JLINK_CORESIGHT_WriteAPDPReg(AP reg 0x00, 0x80000002)
T4BB8 000:339.741 - 0.202ms returns 0
T4BB8 000:339.762 JLINK_CORESIGHT_WriteAPDPReg(AP reg 0x01, 0x80011140)
T4BB8 000:340.031 - 0.269ms returns 0
T4BB8 000:340.045 JLINK_CORESIGHT_ReadAPDPReg(AP reg 0x03)
T4BB8 000:340.282   Value=0x00000000
T4BB8 000:340.293 - 0.248ms returns 0
T4BB8 000:340.301 JLINK_CORESIGHT_WriteAPDPReg(AP reg 0x00, 0x80000002)
T4BB8 000:340.491 - 0.190ms returns 0
T4BB8 000:340.499 JLINK_CORESIGHT_WriteAPDPReg(AP reg 0x01, 0x80011130)
T4BB8 000:340.712 - 0.213ms returns 0
T4BB8 000:340.721 JLINK_CORESIGHT_ReadAPDPReg(AP reg 0x03)
T4BB8 000:341.411   Value=0x46375225
T4BB8 000:341.443 - 0.721ms returns 0
T4BB8 000:341.562 JLINK_CORESIGHT_WriteAPDPReg(AP reg 0x00, 0x80000002)
T4BB8 000:342.221 - 0.659ms returns 0
T4BB8 000:342.250 JLINK_CORESIGHT_WriteAPDPReg(AP reg 0x01, 0x80011140)
T4BB8 000:342.691 - 0.440ms returns 0
T4BB8 000:342.721 JLINK_CORESIGHT_ReadAPDPReg(AP reg 0x03)
T4BB8 000:343.168   Value=0x00000000
T4BB8 000:343.260 - 0.538ms returns 0
T4BB8 000:343.281 JLINK_CORESIGHT_WriteAPDPReg(AP reg 0x00, 0x80000002)
T4BB8 000:343.623 - 0.341ms returns 0
T4BB8 000:343.647 JLINK_CORESIGHT_WriteAPDPReg(AP reg 0x01, 0x80011130)
T4BB8 000:343.915 - 0.268ms returns 0
T4BB8 000:343.926 JLINK_CORESIGHT_ReadAPDPReg(AP reg 0x03)
T4BB8 000:344.146   Value=0x314C3441
T4BB8 000:344.169 - 0.242ms returns 0
T4BB8 000:344.180 JLINK_CORESIGHT_WriteAPDPReg(AP reg 0x00, 0x80000002)
T4BB8 000:344.373 - 0.193ms returns 0
T4BB8 000:344.384 JLINK_CORESIGHT_WriteAPDPReg(AP reg 0x01, 0x80011140)
T4BB8 000:344.620 - 0.237ms returns 0
T4BB8 000:344.628 JLINK_CORESIGHT_ReadAPDPReg(AP reg 0x03)
T4BB8 000:344.918   Value=0x00000000
T4BB8 000:344.932 - 0.303ms returns 0
T4BB8 000:344.940 JLINK_CORESIGHT_WriteAPDPReg(AP reg 0x00, 0x80000002)
T4BB8 000:345.117 - 0.177ms returns 0
T4BB8 000:345.126 JLINK_CORESIGHT_WriteAPDPReg(AP reg 0x01, 0x80011130)
T4BB8 000:345.312 - 0.185ms returns 0
T4BB8 000:345.320 JLINK_CORESIGHT_ReadAPDPReg(AP reg 0x03)
T4BB8 000:345.620   Value=0x43344442
T4BB8 000:345.630 - 0.310ms returns 0
T4BB8 000:345.663 JLINK_CORESIGHT_WriteAPDPReg(AP reg 0x00, 0x80000002)
T4BB8 000:345.868 - 0.205ms returns 0
T4BB8 000:345.879 JLINK_CORESIGHT_WriteAPDPReg(AP reg 0x01, 0x80011140)
T4BB8 000:346.091 - 0.212ms returns 0
T4BB8 000:346.102 JLINK_CORESIGHT_ReadAPDPReg(AP reg 0x03)
T4BB8 000:346.342   Value=0x00000000
T4BB8 000:346.351 - 0.249ms returns 0
T4BB8 000:346.359 JLINK_CORESIGHT_WriteAPDPReg(AP reg 0x00, 0x80000002)
T4BB8 000:346.627 - 0.268ms returns 0
T4BB8 000:346.640 JLINK_CORESIGHT_WriteAPDPReg(AP reg 0x01, 0x80011130)
T4BB8 000:346.845 - 0.204ms returns 0
T4BB8 000:346.854 JLINK_CORESIGHT_ReadAPDPReg(AP reg 0x03)
T4BB8 000:347.090   Value=0x20205046
T4BB8 000:347.100 - 0.246ms returns 0
T4BB8 000:347.108 JLINK_CORESIGHT_WriteAPDPReg(AP reg 0x00, 0x80000002)
T4BB8 000:347.282 - 0.174ms returns 0
T4BB8 000:347.289 JLINK_CORESIGHT_WriteAPDPReg(AP reg 0x01, 0x80011140)
T4BB8 000:347.468 - 0.178ms returns 0
T4BB8 000:347.476 JLINK_CORESIGHT_ReadAPDPReg(AP reg 0x03)
T4BB8 000:347.743   Value=0x00000000
T4BB8 000:347.755 - 0.278ms returns 0
T4BB8 000:347.763 JLINK_CORESIGHT_WriteAPDPReg(AP reg 0x00, 0x80000002)
T4BB8 000:347.972 - 0.209ms returns 0
T4BB8 000:347.981 JLINK_CORESIGHT_WriteAPDPReg(AP reg 0x01, 0x80011130)
T4BB8 000:348.163 - 0.181ms returns 0
T4BB8 000:348.170 JLINK_CORESIGHT_ReadAPDPReg(AP reg 0x03)
T4BB8 000:348.385   Value=0x00032320
T4BB8 000:348.394 - 0.223ms returns 0
T4BB8 000:348.449 JLINK_CORESIGHT_WriteAPDPReg(AP reg 0x00, 0x80000002)
T4BB8 000:348.713 - 0.264ms returns 0
T4BB8 000:348.723 JLINK_CORESIGHT_WriteAPDPReg(AP reg 0x01, 0x80011140)
T4BB8 000:348.942 - 0.219ms returns 0
T4BB8 000:348.952 JLINK_CORESIGHT_ReadAPDPReg(AP reg 0x03)
T4BB8 000:349.162   Value=0x00000002
T4BB8 000:349.184 - 0.232ms returns 0
T4BB8 000:349.208 JLINK_CORESIGHT_WriteAPDPReg(AP reg 0x00, 0x80000002)
T4BB8 000:349.400 - 0.192ms returns 0
T4BB8 000:349.407 JLINK_CORESIGHT_WriteAPDPReg(AP reg 0x01, 0x80011120)
T4BB8 000:349.620 - 0.212ms returns 0
T4BB8 000:349.627 JLINK_CORESIGHT_WriteAPDPReg(AP reg 0x03, 0x2C010001)
T4BB8 000:349.819 - 0.191ms returns 0
T4BB8 000:349.828 JLINK_CORESIGHT_WriteAPDPReg(AP reg 0x00, 0x80000002)
T4BB8 000:350.018 - 0.190ms returns 0
T4BB8 000:350.025 JLINK_CORESIGHT_WriteAPDPReg(AP reg 0x01, 0x80011140)
T4BB8 000:350.214 - 0.189ms returns 0
T4BB8 000:350.224 JLINK_CORESIGHT_ReadAPDPReg(AP reg 0x03)
T4BB8 000:350.460   Value=0x00000002
T4BB8 000:350.477 - 0.253ms returns 0
T4BB8 000:350.486 JLINK_CORESIGHT_WriteAPDPReg(AP reg 0x00, 0x80000002)
T4BB8 000:350.721 - 0.234ms returns 0
T4BB8 000:350.747 JLINK_CORESIGHT_WriteAPDPReg(AP reg 0x01, 0x80011120)
T4BB8 000:350.968 - 0.221ms returns 0
T4BB8 000:350.995 JLINK_CORESIGHT_WriteAPDPReg(AP reg 0x03, 0x000003D3)
T4BB8 000:351.188 - 0.193ms returns 0
T4BB8 000:351.197 JLINK_CORESIGHT_WriteAPDPReg(AP reg 0x00, 0x80000002)
T4BB8 000:351.385 - 0.187ms returns 0
T4BB8 000:351.392 JLINK_CORESIGHT_WriteAPDPReg(AP reg 0x01, 0x80011140)
T4BB8 000:351.631 - 0.238ms returns 0
T4BB8 000:351.656 JLINK_CORESIGHT_ReadAPDPReg(AP reg 0x03)
T4BB8 000:351.947   Value=0x00000002
T4BB8 000:351.979 - 0.322ms returns 0
T4BB8 000:352.002 JLINK_CORESIGHT_ReadAPDPReg(AP reg 0x03)
T4BB8 000:352.239   Value=0x00000002
T4BB8 000:352.271 - 0.269ms returns 0
T4BB8 000:352.279 JLINK_CORESIGHT_ReadAPDPReg(AP reg 0x03)
T4BB8 000:352.631   Value=0x00000002
T4BB8 000:352.662 - 0.382ms returns 0
T4BB8 000:352.677 JLINK_CORESIGHT_ReadAPDPReg(AP reg 0x03)
T4BB8 000:353.129   Value=0x00000002
T4BB8 000:353.143 - 0.466ms returns 0
T4BB8 000:353.151 JLINK_CORESIGHT_ReadAPDPReg(AP reg 0x03)
T4BB8 000:353.378   Value=0x00000002
T4BB8 000:353.419 - 0.268ms returns 0
T4BB8 000:353.430 JLINK_CORESIGHT_ReadAPDPReg(AP reg 0x03)
T4BB8 000:353.674   Value=0x00000002
T4BB8 000:353.686 - 0.256ms returns 0
T4BB8 000:353.694 JLINK_CORESIGHT_ReadAPDPReg(AP reg 0x03)
T4BB8 000:353.938   Value=0x00000000
T4BB8 000:353.948 - 0.253ms returns 0
T4BB8 000:353.956 JLINK_CORESIGHT_WriteAPDPReg(AP reg 0x00, 0x80000002)
T4BB8 000:354.135 - 0.179ms returns 0
T4BB8 000:354.152 JLINK_CORESIGHT_WriteAPDPReg(AP reg 0x01, 0x80011130)
T4BB8 000:354.323 - 0.171ms returns 0
T4BB8 000:354.331 JLINK_CORESIGHT_ReadAPDPReg(AP reg 0x03)
T4BB8 000:354.628   Value=0x2C020081
T4BB8 000:354.655 - 0.323ms returns 0
T4BB8 000:354.664 JLINK_CORESIGHT_WriteAPDPReg(AP reg 0x00, 0x80000002)
T4BB8 000:354.883 - 0.219ms returns 0
T4BB8 000:354.894 JLINK_CORESIGHT_WriteAPDPReg(AP reg 0x01, 0x80011140)
T4BB8 000:355.080 - 0.182ms returns 0
T4BB8 000:355.089 JLINK_CORESIGHT_ReadAPDPReg(AP reg 0x03)
T4BB8 000:355.318   Value=0x00000000
T4BB8 000:355.343 - 0.253ms returns 0
T4BB8 000:355.357 JLINK_CORESIGHT_WriteAPDPReg(AP reg 0x00, 0x80000002)
T4BB8 000:355.628 - 0.271ms returns 0
T4BB8 000:355.654 JLINK_CORESIGHT_WriteAPDPReg(AP reg 0x01, 0x80011130)
T4BB8 000:355.844 - 0.190ms returns 0
T4BB8 000:355.854 JLINK_CORESIGHT_ReadAPDPReg(AP reg 0x03)
T4BB8 000:356.090   Value=0x0003D002
T4BB8 000:356.101 - 0.246ms returns 0
T4BB8 000:356.115 JLINK_CORESIGHT_WriteAPDPReg(AP reg 0x00, 0x80000002)
T4BB8 000:356.306 - 0.191ms returns 0
T4BB8 000:356.313 JLINK_CORESIGHT_WriteAPDPReg(AP reg 0x01, 0x80011140)
T4BB8 000:356.483 - 0.169ms returns 0
T4BB8 000:356.490 JLINK_CORESIGHT_ReadAPDPReg(AP reg 0x03)
T4BB8 000:356.756   Value=0x00000002
T4BB8 000:356.766 - 0.276ms returns 0
T4BB8 000:356.774 JLINK_CORESIGHT_WriteAPDPReg(AP reg 0x00, 0x80000002)
T4BB8 000:356.983 - 0.209ms returns 0
T4BB8 000:356.990 JLINK_CORESIGHT_WriteAPDPReg(AP reg 0x01, 0x80011120)
T4BB8 000:357.178 - 0.188ms returns 0
T4BB8 000:357.192 JLINK_CORESIGHT_WriteAPDPReg(AP reg 0x03, 0x4F010001)
T4BB8 000:357.372 - 0.180ms returns 0
T4BB8 000:357.380 JLINK_CORESIGHT_WriteAPDPReg(AP reg 0x00, 0x80000002)
T4BB8 000:357.586 - 0.205ms returns 0
T4BB8 000:357.645 JLINK_CORESIGHT_WriteAPDPReg(AP reg 0x01, 0x80011140)
T4BB8 000:357.892 - 0.246ms returns 0
T4BB8 000:357.920 JLINK_CORESIGHT_ReadAPDPReg(AP reg 0x03)
T4BB8 000:358.222   Value=0x00000002
T4BB8 000:358.235 - 0.315ms returns 0
T4BB8 000:358.245 JLINK_CORESIGHT_WriteAPDPReg(AP reg 0x00, 0x80000002)
T4BB8 000:358.446 - 0.201ms returns 0
T4BB8 000:358.472 JLINK_CORESIGHT_WriteAPDPReg(AP reg 0x01, 0x80011120)
T4BB8 000:358.726 - 0.254ms returns 0
T4BB8 000:358.752 JLINK_CORESIGHT_WriteAPDPReg(AP reg 0x03, 0x000003B0)
T4BB8 000:358.977 - 0.225ms returns 0
T4BB8 000:359.020 JLINK_CORESIGHT_WriteAPDPReg(AP reg 0x00, 0x80000002)
T4BB8 000:359.311 - 0.290ms returns 0
T4BB8 000:359.339 JLINK_CORESIGHT_WriteAPDPReg(AP reg 0x01, 0x80011140)
T4BB8 000:359.629 - 0.290ms returns 0
T4BB8 000:359.658 JLINK_CORESIGHT_ReadAPDPReg(AP reg 0x03)
T4BB8 000:360.078   Value=0x00000000
T4BB8 000:360.200 - 0.541ms returns 0
T4BB8 000:360.217 JLINK_CORESIGHT_WriteAPDPReg(AP reg 0x00, 0x80000002)
T4BB8 000:360.432 - 0.214ms returns 0
T4BB8 000:360.450 JLINK_CORESIGHT_WriteAPDPReg(AP reg 0x01, 0x80011130)
T4BB8 000:360.715 - 0.265ms returns 0
T4BB8 000:360.728 JLINK_CORESIGHT_ReadAPDPReg(AP reg 0x03)
T4BB8 000:360.968   Value=0x4F0B0081
T4BB8 000:360.979 - 0.251ms returns 0
T4BB8 000:360.987 JLINK_CORESIGHT_WriteAPDPReg(AP reg 0x00, 0x80000002)
T4BB8 000:361.193 - 0.206ms returns 0
T4BB8 000:361.203 JLINK_CORESIGHT_WriteAPDPReg(AP reg 0x01, 0x80011140)
T4BB8 000:361.381 - 0.178ms returns 0
T4BB8 000:361.390 JLINK_CORESIGHT_ReadAPDPReg(AP reg 0x03)
T4BB8 000:361.628   Value=0x00000000
T4BB8 000:361.638 - 0.248ms returns 0
T4BB8 000:361.647 JLINK_CORESIGHT_WriteAPDPReg(AP reg 0x00, 0x80000002)
T4BB8 000:361.824 - 0.176ms returns 0
T4BB8 000:361.841 JLINK_CORESIGHT_WriteAPDPReg(AP reg 0x01, 0x80011130)
T4BB8 000:362.051 - 0.210ms returns 0
T4BB8 000:362.064 JLINK_CORESIGHT_ReadAPDPReg(AP reg 0x03)
T4BB8 000:362.323   Value=0x20001600
T4BB8 000:362.333 - 0.268ms returns 0
T4BB8 000:362.342 JLINK_CORESIGHT_WriteAPDPReg(AP reg 0x00, 0x80000002)
T4BB8 000:362.599 - 0.257ms returns 0
T4BB8 000:362.608 JLINK_CORESIGHT_WriteAPDPReg(AP reg 0x01, 0x80011140)
T4BB8 000:362.822 - 0.213ms returns 0
T4BB8 000:362.847 JLINK_CORESIGHT_ReadAPDPReg(AP reg 0x03)
T4BB8 000:363.133   Value=0x00000000
T4BB8 000:363.150 - 0.303ms returns 0
T4BB8 000:363.165 JLINK_CORESIGHT_WriteAPDPReg(AP reg 0x00, 0x80000002)
T4BB8 000:363.362 - 0.197ms returns 0
T4BB8 000:363.376 JLINK_CORESIGHT_WriteAPDPReg(AP reg 0x01, 0x80011130)
T4BB8 000:363.613 - 0.237ms returns 0
T4BB8 000:363.637 JLINK_CORESIGHT_ReadAPDPReg(AP reg 0x03)
T4BB8 000:363.881   Value=0x0B000000
T4BB8 000:363.907 - 0.270ms returns 0
T4BB8 000:363.923 JLINK_CORESIGHT_WriteAPDPReg(AP reg 0x00, 0x80000002)
T4BB8 000:364.155 - 0.231ms returns 0
T4BB8 000:364.182 JLINK_CORESIGHT_WriteAPDPReg(AP reg 0x01, 0x80011140)
T4BB8 000:364.391 - 0.209ms returns 0
T4BB8 000:364.485 JLINK_CORESIGHT_ReadAPDPReg(AP reg 0x03)
T4BB8 000:364.759   Value=0x00000000
T4BB8 000:364.775 - 0.290ms returns 0
T4BB8 000:364.784 JLINK_CORESIGHT_WriteAPDPReg(AP reg 0x00, 0x80000002)
T4BB8 000:365.015 - 0.230ms returns 0
T4BB8 000:365.037 JLINK_CORESIGHT_WriteAPDPReg(AP reg 0x01, 0x80011130)
T4BB8 000:365.236 - 0.199ms returns 0
T4BB8 000:365.250 JLINK_CORESIGHT_ReadAPDPReg(AP reg 0x03)
T4BB8 000:365.628   Value=0x03551000
T4BB8 000:365.639 - 0.389ms returns 0
T4BB8 000:365.709 JLINK_CORESIGHT_WriteAPDPReg(AP reg 0x00, 0x80000002)
T4BB8 000:365.905 - 0.195ms returns 0
T4BB8 000:365.915 JLINK_CORESIGHT_WriteAPDPReg(AP reg 0x01, 0x80011140)
T4BB8 000:366.098 - 0.183ms returns 0
T4BB8 000:366.122 JLINK_CORESIGHT_ReadAPDPReg(AP reg 0x03)
T4BB8 000:366.375   Value=0x00000002
T4BB8 000:366.392 - 0.270ms returns 0
T4BB8 000:366.405 JLINK_CORESIGHT_WriteAPDPReg(AP reg 0x00, 0x80000002)
T4BB8 000:366.653 - 0.248ms returns 0
T4BB8 000:366.686 JLINK_CORESIGHT_WriteAPDPReg(AP reg 0x01, 0x80011120)
T4BB8 000:366.909 - 0.223ms returns 0
T4BB8 000:366.950 JLINK_CORESIGHT_WriteAPDPReg(AP reg 0x03, 0x2C010001)
T4BB8 000:367.199 - 0.253ms returns 0
T4BB8 000:367.227 JLINK_CORESIGHT_WriteAPDPReg(AP reg 0x00, 0x80000002)
T4BB8 000:367.437 - 0.210ms returns 0
T4BB8 000:367.451 JLINK_CORESIGHT_WriteAPDPReg(AP reg 0x01, 0x80011140)
T4BB8 000:367.718 - 0.266ms returns 0
T4BB8 000:367.729 JLINK_CORESIGHT_ReadAPDPReg(AP reg 0x03)
T4BB8 000:367.972   Value=0x00000002
T4BB8 000:368.006 - 0.277ms returns 0
T4BB8 000:368.014 JLINK_CORESIGHT_WriteAPDPReg(AP reg 0x00, 0x80000002)
T4BB8 000:368.197 - 0.182ms returns 0
T4BB8 000:368.207 JLINK_CORESIGHT_WriteAPDPReg(AP reg 0x01, 0x80011120)
T4BB8 000:368.385 - 0.177ms returns 0
T4BB8 000:368.392 JLINK_CORESIGHT_WriteAPDPReg(AP reg 0x03, 0x000003D3)
T4BB8 000:368.625 - 0.232ms returns 0
T4BB8 000:368.635 JLINK_CORESIGHT_WriteAPDPReg(AP reg 0x00, 0x80000002)
T4BB8 000:368.842 - 0.207ms returns 0
T4BB8 000:368.851 JLINK_CORESIGHT_WriteAPDPReg(AP reg 0x01, 0x80011140)
T4BB8 000:369.025 - 0.174ms returns 0
T4BB8 000:369.040 JLINK_CORESIGHT_ReadAPDPReg(AP reg 0x03)
T4BB8 000:369.308   Value=0x00000002
T4BB8 000:369.319 - 0.279ms returns 0
T4BB8 000:369.327 JLINK_CORESIGHT_ReadAPDPReg(AP reg 0x03)
T4BB8 000:369.579   Value=0x00000002
T4BB8 000:369.588 - 0.260ms returns 0
T4BB8 000:369.595 JLINK_CORESIGHT_ReadAPDPReg(AP reg 0x03)
T4BB8 000:369.816   Value=0x00000002
T4BB8 000:369.827 - 0.231ms returns 0
T4BB8 000:369.834 JLINK_CORESIGHT_ReadAPDPReg(AP reg 0x03)
T4BB8 000:370.060   Value=0x00000002
T4BB8 000:370.068 - 0.234ms returns 0
T4BB8 000:370.075 JLINK_CORESIGHT_ReadAPDPReg(AP reg 0x03)
T4BB8 000:370.306   Value=0x00000002
T4BB8 000:370.317 - 0.241ms returns 0
T4BB8 000:370.324 JLINK_CORESIGHT_ReadAPDPReg(AP reg 0x03)
T4BB8 000:370.617   Value=0x00000002
T4BB8 000:370.632 - 0.307ms returns 0
T4BB8 000:370.643 JLINK_CORESIGHT_ReadAPDPReg(AP reg 0x03)
T4BB8 000:370.881   Value=0x00000002
T4BB8 000:370.893 - 0.249ms returns 0
T4BB8 000:370.900 JLINK_CORESIGHT_ReadAPDPReg(AP reg 0x03)
T4BB8 000:371.132   Value=0x00000002
T4BB8 000:371.144 - 0.243ms returns 0
T4BB8 000:371.158 JLINK_CORESIGHT_ReadAPDPReg(AP reg 0x03)
T4BB8 000:371.380   Value=0x00000002
T4BB8 000:371.393 - 0.234ms returns 0
T4BB8 000:371.401 JLINK_CORESIGHT_ReadAPDPReg(AP reg 0x03)
T4BB8 000:371.623   Value=0x00000002
T4BB8 000:371.637 - 0.236ms returns 0
T4BB8 000:371.646 JLINK_CORESIGHT_ReadAPDPReg(AP reg 0x03)
T4BB8 000:371.883   Value=0x00000002
T4BB8 000:371.893 - 0.247ms returns 0
T4BB8 000:371.900 JLINK_CORESIGHT_ReadAPDPReg(AP reg 0x03)
T4BB8 000:372.131   Value=0x00000002
T4BB8 000:372.139 - 0.238ms returns 0
T4BB8 000:372.146 JLINK_CORESIGHT_ReadAPDPReg(AP reg 0x03)
T4BB8 000:372.368   Value=0x00000000
T4BB8 000:372.394 - 0.247ms returns 0
T4BB8 000:372.408 JLINK_CORESIGHT_WriteAPDPReg(AP reg 0x00, 0x80000002)
T4BB8 000:372.717 - 0.309ms returns 0
T4BB8 000:372.728 JLINK_CORESIGHT_WriteAPDPReg(AP reg 0x01, 0x80011130)
T4BB8 000:372.902 - 0.173ms returns 0
T4BB8 000:372.911 JLINK_CORESIGHT_ReadAPDPReg(AP reg 0x03)
T4BB8 000:373.130   Value=0x2C020081
T4BB8 000:373.139 - 0.228ms returns 0
T4BB8 000:373.146 JLINK_CORESIGHT_WriteAPDPReg(AP reg 0x00, 0x80000002)
T4BB8 000:373.319 - 0.173ms returns 0
T4BB8 000:373.326 JLINK_CORESIGHT_WriteAPDPReg(AP reg 0x01, 0x80011140)
T4BB8 000:373.614 - 0.287ms returns 0
T4BB8 000:373.633 JLINK_CORESIGHT_ReadAPDPReg(AP reg 0x03)
T4BB8 000:373.900   Value=0x00000000
T4BB8 000:373.911 - 0.279ms returns 0
T4BB8 000:373.919 JLINK_CORESIGHT_WriteAPDPReg(AP reg 0x00, 0x80000002)
T4BB8 000:374.125 - 0.205ms returns 0
T4BB8 000:374.150 JLINK_CORESIGHT_WriteAPDPReg(AP reg 0x01, 0x80011130)
T4BB8 000:375.037 - 0.886ms returns 0
T4BB8 000:375.113 JLINK_CORESIGHT_ReadAPDPReg(AP reg 0x03)
T4BB8 000:377.308   Value=0x0003D002
T4BB8 000:377.380 - 2.267ms returns 0
T4BB8 000:377.412 JLINK_CORESIGHT_WriteAPDPReg(AP reg 0x00, 0x80000002)
T4BB8 000:377.762 - 0.349ms returns 0
T4BB8 000:377.794 JLINK_CORESIGHT_WriteAPDPReg(AP reg 0x01, 0x80011140)
T4BB8 000:377.994 - 0.200ms returns 0
T4BB8 000:378.022 JLINK_CORESIGHT_ReadAPDPReg(AP reg 0x03)
T4BB8 000:378.290   Value=0x00000002
T4BB8 000:378.320 - 0.297ms returns 0
T4BB8 000:378.347 JLINK_CORESIGHT_WriteAPDPReg(AP reg 0x00, 0x80000002)
T4BB8 000:378.600 - 0.253ms returns 0
T4BB8 000:378.623 JLINK_CORESIGHT_WriteAPDPReg(AP reg 0x01, 0x80011120)
T4BB8 000:378.845 - 0.221ms returns 0
T4BB8 000:378.872 JLINK_CORESIGHT_WriteAPDPReg(AP reg 0x03, 0x4E0B0001)
T4BB8 000:379.098 - 0.226ms returns 0
T4BB8 000:379.118 JLINK_CORESIGHT_WriteAPDPReg(AP reg 0x00, 0x80000002)
T4BB8 000:379.316 - 0.198ms returns 0
T4BB8 000:379.337 JLINK_CORESIGHT_WriteAPDPReg(AP reg 0x01, 0x80011140)
T4BB8 000:379.624 - 0.287ms returns 0
T4BB8 000:379.656 JLINK_CORESIGHT_ReadAPDPReg(AP reg 0x03)
T4BB8 000:379.942   Value=0x00000002
T4BB8 000:379.957 - 0.300ms returns 0
T4BB8 000:379.965 JLINK_CORESIGHT_WriteAPDPReg(AP reg 0x00, 0x80000002)
T4BB8 000:380.150 - 0.185ms returns 0
T4BB8 000:380.158 JLINK_CORESIGHT_WriteAPDPReg(AP reg 0x01, 0x80011120)
T4BB8 000:380.344 - 0.185ms returns 0
T4BB8 000:380.354 JLINK_CORESIGHT_WriteAPDPReg(AP reg 0x03, 0x20001700)
T4BB8 000:380.625 - 0.270ms returns 0
T4BB8 000:380.643 JLINK_CORESIGHT_WriteAPDPReg(AP reg 0x00, 0x80000002)
T4BB8 000:380.845 - 0.202ms returns 0
T4BB8 000:380.856 JLINK_CORESIGHT_WriteAPDPReg(AP reg 0x01, 0x80011140)
T4BB8 000:381.099 - 0.242ms returns 0
T4BB8 000:381.120 JLINK_CORESIGHT_ReadAPDPReg(AP reg 0x03)
T4BB8 000:381.359   Value=0x00000002
T4BB8 000:381.384 - 0.263ms returns 0
T4BB8 000:381.398 JLINK_CORESIGHT_WriteAPDPReg(AP reg 0x00, 0x80000002)
T4BB8 000:381.624 - 0.226ms returns 0
T4BB8 000:381.658 JLINK_CORESIGHT_WriteAPDPReg(AP reg 0x01, 0x80011120)
T4BB8 000:381.898 - 0.240ms returns 0
T4BB8 000:381.924 JLINK_CORESIGHT_WriteAPDPReg(AP reg 0x03, 0x0B000000)
T4BB8 000:382.245 - 0.321ms returns 0
T4BB8 000:382.271 JLINK_CORESIGHT_WriteAPDPReg(AP reg 0x00, 0x80000002)
T4BB8 000:382.484 - 0.213ms returns 0
T4BB8 000:382.508 JLINK_CORESIGHT_WriteAPDPReg(AP reg 0x01, 0x80011140)
T4BB8 000:382.718 - 0.210ms returns 0
T4BB8 000:382.730 JLINK_CORESIGHT_ReadAPDPReg(AP reg 0x03)
T4BB8 000:382.991   Value=0x00000002
T4BB8 000:383.000 - 0.269ms returns 0
T4BB8 000:383.007 JLINK_CORESIGHT_WriteAPDPReg(AP reg 0x00, 0x80000002)
T4BB8 000:383.185 - 0.178ms returns 0
T4BB8 000:383.193 JLINK_CORESIGHT_WriteAPDPReg(AP reg 0x01, 0x80011120)
T4BB8 000:383.374 - 0.181ms returns 0
T4BB8 000:383.400 JLINK_CORESIGHT_WriteAPDPReg(AP reg 0x03, 0x03551000)
T4BB8 000:383.613 - 0.213ms returns 0
T4BB8 000:383.622 JLINK_CORESIGHT_WriteAPDPReg(AP reg 0x00, 0x80000002)
T4BB8 000:383.818 - 0.196ms returns 0
T4BB8 000:383.831 JLINK_CORESIGHT_WriteAPDPReg(AP reg 0x01, 0x80011140)
T4BB8 000:384.009 - 0.178ms returns 0
T4BB8 000:384.018 JLINK_CORESIGHT_ReadAPDPReg(AP reg 0x03)
T4BB8 000:384.239   Value=0x00000002
T4BB8 000:384.250 - 0.231ms returns 0
T4BB8 000:384.257 JLINK_CORESIGHT_ReadAPDPReg(AP reg 0x03)
T4BB8 000:384.501   Value=0x00000002
T4BB8 000:384.518 - 0.261ms returns 0
T4BB8 000:384.527 JLINK_CORESIGHT_ReadAPDPReg(AP reg 0x03)
T4BB8 000:384.742   Value=0x00000002
T4BB8 000:384.752 - 0.225ms returns 0
T4BB8 000:384.760 JLINK_CORESIGHT_ReadAPDPReg(AP reg 0x03)
T4BB8 000:384.993   Value=0x00000002
T4BB8 000:385.007 - 0.247ms returns 0
T4BB8 000:385.015 JLINK_CORESIGHT_ReadAPDPReg(AP reg 0x03)
T4BB8 000:385.242   Value=0x00000002
T4BB8 000:385.250 - 0.235ms returns 0
T4BB8 000:385.257 JLINK_CORESIGHT_ReadAPDPReg(AP reg 0x03)
T4BB8 000:385.465   Value=0x00000002
T4BB8 000:385.473 - 0.216ms returns 0
T4BB8 000:385.480 JLINK_CORESIGHT_ReadAPDPReg(AP reg 0x03)
T4BB8 000:385.742   Value=0x00000002
T4BB8 000:385.754 - 0.274ms returns 0
T4BB8 000:385.762 JLINK_CORESIGHT_ReadAPDPReg(AP reg 0x03)
T4BB8 000:385.996   Value=0x00000002
T4BB8 000:386.009 - 0.247ms returns 0
T4BB8 000:386.016 JLINK_CORESIGHT_ReadAPDPReg(AP reg 0x03)
T4BB8 000:386.244   Value=0x00000002
T4BB8 000:386.254 - 0.238ms returns 0
T4BB8 000:386.262 JLINK_CORESIGHT_ReadAPDPReg(AP reg 0x03)
T4BB8 000:386.491   Value=0x00000002
T4BB8 000:386.499 - 0.237ms returns 0
T4BB8 000:386.506 JLINK_CORESIGHT_ReadAPDPReg(AP reg 0x03)
T4BB8 000:386.746   Value=0x00000002
T4BB8 000:386.756 - 0.250ms returns 0
T4BB8 000:386.763 JLINK_CORESIGHT_ReadAPDPReg(AP reg 0x03)
T4BB8 000:387.006   Value=0x00000002
T4BB8 000:387.014 - 0.251ms returns 0
T4BB8 000:387.021 JLINK_CORESIGHT_ReadAPDPReg(AP reg 0x03)
T4BB8 000:387.230   Value=0x00000002
T4BB8 000:387.241 - 0.219ms returns 0
T4BB8 000:387.248 JLINK_CORESIGHT_ReadAPDPReg(AP reg 0x03)
T4BB8 000:387.464   Value=0x00000002
T4BB8 000:387.472 - 0.224ms returns 0
T4BB8 000:387.479 JLINK_CORESIGHT_ReadAPDPReg(AP reg 0x03)
T4BB8 000:387.758   Value=0x00000002
T4BB8 000:387.769 - 0.289ms returns 0
T4BB8 000:387.776 JLINK_CORESIGHT_ReadAPDPReg(AP reg 0x03)
T4BB8 000:388.011   Value=0x00000002
T4BB8 000:388.019 - 0.243ms returns 0
T4BB8 000:388.026 JLINK_CORESIGHT_ReadAPDPReg(AP reg 0x03)
T4BB8 000:388.256   Value=0x00000002
T4BB8 000:388.268 - 0.241ms returns 0
T4BB8 000:388.275 JLINK_CORESIGHT_ReadAPDPReg(AP reg 0x03)
T4BB8 000:388.508   Value=0x00000002
T4BB8 000:388.522 - 0.247ms returns 0
T4BB8 000:388.530 JLINK_CORESIGHT_ReadAPDPReg(AP reg 0x03)
T4BB8 000:388.756   Value=0x00000002
T4BB8 000:388.766 - 0.235ms returns 0
T4BB8 000:388.773 JLINK_CORESIGHT_ReadAPDPReg(AP reg 0x03)
T4BB8 000:388.988   Value=0x00000002
T4BB8 000:388.997 - 0.223ms returns 0
T4BB8 000:389.003 JLINK_CORESIGHT_ReadAPDPReg(AP reg 0x03)
T4BB8 000:389.216   Value=0x00000002
T4BB8 000:389.224 - 0.220ms returns 0
T4BB8 000:389.231 JLINK_CORESIGHT_ReadAPDPReg(AP reg 0x03)
T4BB8 000:389.466   Value=0x00000002
T4BB8 000:389.476 - 0.245ms returns 0
T4BB8 000:389.484 JLINK_CORESIGHT_ReadAPDPReg(AP reg 0x03)
T4BB8 000:389.757   Value=0x00000002
T4BB8 000:389.768 - 0.283ms returns 0
T4BB8 000:389.780 JLINK_CORESIGHT_ReadAPDPReg(AP reg 0x03)
T4BB8 000:390.004   Value=0x00000002
T4BB8 000:390.019 - 0.239ms returns 0
T4BB8 000:390.027 JLINK_CORESIGHT_ReadAPDPReg(AP reg 0x03)
T4BB8 000:390.256   Value=0x00000002
T4BB8 000:390.266 - 0.238ms returns 0
T4BB8 000:390.274 JLINK_CORESIGHT_ReadAPDPReg(AP reg 0x03)
T4BB8 000:390.613   Value=0x00000002
T4BB8 000:390.624 - 0.349ms returns 0
T4BB8 000:390.633 JLINK_CORESIGHT_ReadAPDPReg(AP reg 0x03)
T4BB8 000:390.903   Value=0x00000002
T4BB8 000:390.918 - 0.285ms returns 0
T4BB8 000:390.928 JLINK_CORESIGHT_ReadAPDPReg(AP reg 0x03)
T4BB8 000:391.163   Value=0x00000002
T4BB8 000:391.190 - 0.261ms returns 0
T4BB8 000:391.206 JLINK_CORESIGHT_ReadAPDPReg(AP reg 0x03)
T4BB8 000:391.471   Value=0x00000002
T4BB8 000:391.494 - 0.288ms returns 0
T4BB8 000:391.510 JLINK_CORESIGHT_ReadAPDPReg(AP reg 0x03)
T4BB8 000:391.760   Value=0x00000002
T4BB8 000:391.776 - 0.266ms returns 0
T4BB8 000:391.786 JLINK_CORESIGHT_ReadAPDPReg(AP reg 0x03)
T4BB8 000:392.059   Value=0x00000002
T4BB8 000:392.086 - 0.300ms returns 0
T4BB8 000:392.117 JLINK_CORESIGHT_ReadAPDPReg(AP reg 0x03)
T4BB8 000:392.360   Value=0x00000002
T4BB8 000:392.381 - 0.264ms returns 0
T4BB8 000:392.396 JLINK_CORESIGHT_ReadAPDPReg(AP reg 0x03)
T4BB8 000:392.670   Value=0x00000002
T4BB8 000:392.694 - 0.298ms returns 0
T4BB8 000:392.710 JLINK_CORESIGHT_ReadAPDPReg(AP reg 0x03)
T4BB8 000:392.950   Value=0x00000002
T4BB8 000:392.981 - 0.271ms returns 0
T4BB8 000:393.008 JLINK_CORESIGHT_ReadAPDPReg(AP reg 0x03)
T4BB8 000:393.260   Value=0x00000002
T4BB8 000:393.277 - 0.269ms returns 0
T4BB8 000:393.287 JLINK_CORESIGHT_ReadAPDPReg(AP reg 0x03)
T4BB8 000:393.510   Value=0x00000002
T4BB8 000:393.526 - 0.238ms returns 0
T4BB8 000:393.535 JLINK_CORESIGHT_ReadAPDPReg(AP reg 0x03)
T4BB8 000:393.757   Value=0x00000002
T4BB8 000:393.769 - 0.234ms returns 0
T4BB8 000:393.778 JLINK_CORESIGHT_ReadAPDPReg(AP reg 0x03)
T4BB8 000:394.006   Value=0x00000002
T4BB8 000:394.014 - 0.236ms returns 0
T4BB8 000:394.068 JLINK_CORESIGHT_ReadAPDPReg(AP reg 0x03)
T4BB8 000:394.320   Value=0x00000002
T4BB8 000:394.331 - 0.264ms returns 0
T4BB8 000:394.339 JLINK_CORESIGHT_ReadAPDPReg(AP reg 0x03)
T4BB8 000:394.722   Value=0x00000002
T4BB8 000:394.747 - 0.407ms returns 0
T4BB8 000:394.761 JLINK_CORESIGHT_ReadAPDPReg(AP reg 0x03)
T4BB8 000:395.011   Value=0x00000002
T4BB8 000:395.038 - 0.277ms returns 0
T4BB8 000:395.052 JLINK_CORESIGHT_ReadAPDPReg(AP reg 0x03)
T4BB8 000:395.325   Value=0x00000002
T4BB8 000:395.351 - 0.298ms returns 0
T4BB8 000:395.360 JLINK_CORESIGHT_ReadAPDPReg(AP reg 0x03)
T4BB8 000:395.594   Value=0x00000002
T4BB8 000:395.618 - 0.258ms returns 0
T4BB8 000:395.646 JLINK_CORESIGHT_ReadAPDPReg(AP reg 0x03)
T4BB8 000:395.883   Value=0x00000002
T4BB8 000:395.897 - 0.250ms returns 0
T4BB8 000:395.905 JLINK_CORESIGHT_ReadAPDPReg(AP reg 0x03)
T4BB8 000:396.130   Value=0x00000002
T4BB8 000:396.139 - 0.233ms returns 0
T4BB8 000:396.146 JLINK_CORESIGHT_ReadAPDPReg(AP reg 0x03)
T4BB8 000:396.369   Value=0x00000002
T4BB8 000:396.395 - 0.249ms returns 0
T4BB8 000:396.409 JLINK_CORESIGHT_ReadAPDPReg(AP reg 0x03)
T4BB8 000:396.682   Value=0x00000002
T4BB8 000:396.726 - 0.316ms returns 0
T4BB8 000:396.737 JLINK_CORESIGHT_ReadAPDPReg(AP reg 0x03)
T4BB8 000:396.969   Value=0x00000002
T4BB8 000:396.988 - 0.251ms returns 0
T4BB8 000:396.995 JLINK_CORESIGHT_ReadAPDPReg(AP reg 0x03)
T4BB8 000:397.222   Value=0x00000002
T4BB8 000:397.247 - 0.251ms returns 0
T4BB8 000:397.260 JLINK_CORESIGHT_ReadAPDPReg(AP reg 0x03)
T4BB8 000:397.590   Value=0x00000002
T4BB8 000:397.605 - 0.344ms returns 0
T4BB8 000:397.613 JLINK_CORESIGHT_ReadAPDPReg(AP reg 0x03)
T4BB8 000:397.882   Value=0x00000002
T4BB8 000:397.893 - 0.280ms returns 0
T4BB8 000:397.901 JLINK_CORESIGHT_ReadAPDPReg(AP reg 0x03)
T4BB8 000:398.131   Value=0x00000002
T4BB8 000:398.141 - 0.239ms returns 0
T4BB8 000:398.149 JLINK_CORESIGHT_ReadAPDPReg(AP reg 0x03)
T4BB8 000:398.382   Value=0x00000002
T4BB8 000:398.390 - 0.241ms returns 0
T4BB8 000:398.402 JLINK_CORESIGHT_ReadAPDPReg(AP reg 0x03)
T4BB8 000:398.623   Value=0x00000002
T4BB8 000:398.634 - 0.232ms returns 0
T4BB8 000:398.642 JLINK_CORESIGHT_ReadAPDPReg(AP reg 0x03)
T4BB8 000:398.891   Value=0x00000002
T4BB8 000:398.927 - 0.284ms returns 0
T4BB8 000:398.934 JLINK_CORESIGHT_ReadAPDPReg(AP reg 0x03)
T4BB8 000:399.157   Value=0x00000002
T4BB8 000:399.192 - 0.257ms returns 0
T4BB8 000:399.204 JLINK_CORESIGHT_ReadAPDPReg(AP reg 0x03)
T4BB8 000:399.437   Value=0x00000002
T4BB8 000:399.463 - 0.259ms returns 0
T4BB8 000:399.478 JLINK_CORESIGHT_ReadAPDPReg(AP reg 0x03)
T4BB8 000:399.742   Value=0x00000002
T4BB8 000:399.766 - 0.288ms returns 0
T4BB8 000:399.780 JLINK_CORESIGHT_ReadAPDPReg(AP reg 0x03)
T4BB8 000:400.064   Value=0x00000002
T4BB8 000:400.086 - 0.306ms returns 0
T4BB8 000:400.099 JLINK_CORESIGHT_ReadAPDPReg(AP reg 0x03)
T4BB8 000:400.344   Value=0x00000000
T4BB8 000:400.358 - 0.259ms returns 0
T4BB8 000:400.367 JLINK_CORESIGHT_WriteAPDPReg(AP reg 0x00, 0x80000002)
T4BB8 000:400.622 - 0.252ms returns 0
T4BB8 000:400.633 JLINK_CORESIGHT_WriteAPDPReg(AP reg 0x01, 0x80011130)
T4BB8 000:400.827 - 0.194ms returns 0
T4BB8 000:400.838 JLINK_CORESIGHT_ReadAPDPReg(AP reg 0x03)
T4BB8 000:401.062   Value=0x4E0A0081
T4BB8 000:401.080 - 0.242ms returns 0
T4BB8 000:401.088 JLINK_CORESIGHT_WriteAPDPReg(AP reg 0x00, 0x80000002)
T4BB8 000:401.326 - 0.238ms returns 0
T4BB8 000:401.335 JLINK_CORESIGHT_WriteAPDPReg(AP reg 0x01, 0x80011140)
T4BB8 000:401.582 - 0.246ms returns 0
T4BB8 000:401.598 JLINK_CORESIGHT_ReadAPDPReg(AP reg 0x03)
T4BB8 000:401.843   Value=0x00000000
T4BB8 000:401.856 - 0.258ms returns 0
T4BB8 000:401.864 JLINK_CORESIGHT_WriteAPDPReg(AP reg 0x00, 0x80000002)
T4BB8 000:402.057 - 0.193ms returns 0
T4BB8 000:402.064 JLINK_CORESIGHT_WriteAPDPReg(AP reg 0x01, 0x80011130)
T4BB8 000:402.235 - 0.170ms returns 0
T4BB8 000:402.243 JLINK_CORESIGHT_ReadAPDPReg(AP reg 0x03)
T4BB8 000:402.466   Value=0xFFFFFF00
T4BB8 000:402.477 - 0.233ms returns 0
T4BB8 000:402.485 JLINK_CORESIGHT_WriteAPDPReg(AP reg 0x00, 0x80000002)
T4BB8 000:402.719 - 0.234ms returns 0
T4BB8 000:402.731 JLINK_CORESIGHT_WriteAPDPReg(AP reg 0x01, 0x80011140)
T4BB8 000:402.902 - 0.171ms returns 0
T4BB8 000:402.910 JLINK_CORESIGHT_ReadAPDPReg(AP reg 0x03)
T4BB8 000:403.130   Value=0x00000000
T4BB8 000:403.138 - 0.228ms returns 0
T4BB8 000:403.145 JLINK_CORESIGHT_WriteAPDPReg(AP reg 0x00, 0x80000002)
T4BB8 000:403.321 - 0.175ms returns 0
T4BB8 000:403.330 JLINK_CORESIGHT_WriteAPDPReg(AP reg 0x01, 0x80011130)
T4BB8 000:403.504 - 0.174ms returns 0
T4BB8 000:403.512 JLINK_CORESIGHT_ReadAPDPReg(AP reg 0x03)
T4BB8 000:403.757   Value=0xFFFFFFFF
T4BB8 000:403.769 - 0.256ms returns 0
T4BB8 000:403.776 JLINK_CORESIGHT_WriteAPDPReg(AP reg 0x00, 0x80000002)
T4BB8 000:403.967 - 0.190ms returns 0
T4BB8 000:403.974 JLINK_CORESIGHT_WriteAPDPReg(AP reg 0x01, 0x80011140)
T4BB8 000:404.147 - 0.173ms returns 0
T4BB8 000:404.222 JLINK_CORESIGHT_ReadAPDPReg(AP reg 0x03)
T4BB8 000:404.467   Value=0x00000000
T4BB8 000:404.478 - 0.256ms returns 0
T4BB8 000:404.486 JLINK_CORESIGHT_WriteAPDPReg(AP reg 0x00, 0x80000002)
T4BB8 000:404.717 - 0.231ms returns 0
T4BB8 000:404.726 JLINK_CORESIGHT_WriteAPDPReg(AP reg 0x01, 0x80011130)
T4BB8 000:404.898 - 0.172ms returns 0
T4BB8 000:404.907 JLINK_CORESIGHT_ReadAPDPReg(AP reg 0x03)
T4BB8 000:405.130   Value=0x0003B0FF
T4BB8 000:405.138 - 0.231ms returns 0
T4BB8 000:405.147 JLINK_CORESIGHT_WriteAPDPReg(AP reg 0x00, 0x80000002)
T4BB8 000:405.323 - 0.175ms returns 0
T4BB8 000:405.346 JLINK_CORESIGHT_WriteAPDPReg(AP reg 0x01, 0x80011140)
T4BB8 000:405.583 - 0.237ms returns 0
T4BB8 000:405.597 JLINK_CORESIGHT_ReadAPDPReg(AP reg 0x03)
T4BB8 000:405.843   Value=0x00000002
T4BB8 000:405.856 - 0.259ms returns 0
T4BB8 000:405.864 JLINK_CORESIGHT_WriteAPDPReg(AP reg 0x00, 0x80000002)
T4BB8 000:406.057 - 0.193ms returns 0
T4BB8 000:406.064 JLINK_CORESIGHT_WriteAPDPReg(AP reg 0x01, 0x80011120)
T4BB8 000:406.234 - 0.169ms returns 0
T4BB8 000:406.244 JLINK_CORESIGHT_WriteAPDPReg(AP reg 0x03, 0x4F010001)
T4BB8 000:406.431 - 0.187ms returns 0
T4BB8 000:406.440 JLINK_CORESIGHT_WriteAPDPReg(AP reg 0x00, 0x80000002)
T4BB8 000:406.639 - 0.198ms returns 0
T4BB8 000:406.646 JLINK_CORESIGHT_WriteAPDPReg(AP reg 0x01, 0x80011140)
T4BB8 000:406.819 - 0.173ms returns 0
T4BB8 000:406.829 JLINK_CORESIGHT_ReadAPDPReg(AP reg 0x03)
T4BB8 000:407.101   Value=0x00000002
T4BB8 000:407.111 - 0.282ms returns 0
T4BB8 000:407.118 JLINK_CORESIGHT_WriteAPDPReg(AP reg 0x00, 0x80000002)
T4BB8 000:407.313 - 0.194ms returns 0
T4BB8 000:407.325 JLINK_CORESIGHT_WriteAPDPReg(AP reg 0x01, 0x80011120)
T4BB8 000:407.492 - 0.167ms returns 0
T4BB8 000:407.504 JLINK_CORESIGHT_WriteAPDPReg(AP reg 0x03, 0x000003B0)
T4BB8 000:407.719 - 0.215ms returns 0
T4BB8 000:407.732 JLINK_CORESIGHT_WriteAPDPReg(AP reg 0x00, 0x80000002)
T4BB8 000:408.104 - 0.372ms returns 0
T4BB8 000:408.118 JLINK_CORESIGHT_WriteAPDPReg(AP reg 0x01, 0x80011140)
T4BB8 000:408.472 - 0.354ms returns 0
T4BB8 000:408.509 JLINK_CORESIGHT_ReadAPDPReg(AP reg 0x03)
T4BB8 000:408.773   Value=0x00000000
T4BB8 000:408.789 - 0.280ms returns 0
T4BB8 000:408.832 JLINK_CORESIGHT_WriteAPDPReg(AP reg 0x00, 0x80000002)
T4BB8 000:409.023 - 0.190ms returns 0
T4BB8 000:409.049 JLINK_CORESIGHT_WriteAPDPReg(AP reg 0x01, 0x80011130)
T4BB8 000:409.273 - 0.223ms returns 0
T4BB8 000:409.291 JLINK_CORESIGHT_ReadAPDPReg(AP reg 0x03)
T4BB8 000:409.625   Value=0x4F0B0081
T4BB8 000:409.649 - 0.358ms returns 0
T4BB8 000:409.663 JLINK_CORESIGHT_WriteAPDPReg(AP reg 0x00, 0x80000002)
T4BB8 000:409.870 - 0.207ms returns 0
T4BB8 000:409.887 JLINK_CORESIGHT_WriteAPDPReg(AP reg 0x01, 0x80011140)
T4BB8 000:410.094 - 0.207ms returns 0
T4BB8 000:410.117 JLINK_CORESIGHT_ReadAPDPReg(AP reg 0x03)
T4BB8 000:410.372   Value=0x00000000
T4BB8 000:410.409 - 0.292ms returns 0
T4BB8 000:410.424 JLINK_CORESIGHT_WriteAPDPReg(AP reg 0x00, 0x80000002)
T4BB8 000:410.721 - 0.297ms returns 0
T4BB8 000:410.762 JLINK_CORESIGHT_WriteAPDPReg(AP reg 0x01, 0x80011130)
T4BB8 000:410.967 - 0.210ms returns 0
T4BB8 000:410.979 JLINK_CORESIGHT_ReadAPDPReg(AP reg 0x03)
T4BB8 000:411.274   Value=0x20001700
T4BB8 000:411.301 - 0.321ms returns 0
T4BB8 000:411.310 JLINK_CORESIGHT_WriteAPDPReg(AP reg 0x00, 0x80000002)
T4BB8 000:411.528 - 0.217ms returns 0
T4BB8 000:411.540 JLINK_CORESIGHT_WriteAPDPReg(AP reg 0x01, 0x80011140)
T4BB8 000:411.725 - 0.185ms returns 0
T4BB8 000:411.737 JLINK_CORESIGHT_ReadAPDPReg(AP reg 0x03)
T4BB8 000:411.956   Value=0x00000000
T4BB8 000:411.967 - 0.230ms returns 0
T4BB8 000:411.975 JLINK_CORESIGHT_WriteAPDPReg(AP reg 0x00, 0x80000002)
T4BB8 000:412.162 - 0.187ms returns 0
T4BB8 000:412.177 JLINK_CORESIGHT_WriteAPDPReg(AP reg 0x01, 0x80011130)
T4BB8 000:412.356 - 0.179ms returns 0
T4BB8 000:412.363 JLINK_CORESIGHT_ReadAPDPReg(AP reg 0x03)
T4BB8 000:412.620   Value=0x0B000000
T4BB8 000:412.651 - 0.287ms returns 0
T4BB8 000:412.659 JLINK_CORESIGHT_WriteAPDPReg(AP reg 0x00, 0x80000002)
T4BB8 000:412.839 - 0.180ms returns 0
T4BB8 000:412.848 JLINK_CORESIGHT_WriteAPDPReg(AP reg 0x01, 0x80011140)
T4BB8 000:413.042 - 0.193ms returns 0
T4BB8 000:413.067 JLINK_CORESIGHT_ReadAPDPReg(AP reg 0x03)
T4BB8 000:413.349   Value=0x00000000
T4BB8 000:413.370 - 0.303ms returns 0
T4BB8 000:413.383 JLINK_CORESIGHT_WriteAPDPReg(AP reg 0x00, 0x80000002)
T4BB8 000:413.620 - 0.236ms returns 0
T4BB8 000:413.638 JLINK_CORESIGHT_WriteAPDPReg(AP reg 0x01, 0x80011130)
T4BB8 000:413.857 - 0.219ms returns 0
T4BB8 000:413.868 JLINK_CORESIGHT_ReadAPDPReg(AP reg 0x03)
T4BB8 000:414.099   Value=0x03541000
T4BB8 000:414.112 - 0.243ms returns 0
T4BB8 000:414.217 JLINK_CORESIGHT_WriteAPDPReg(AP reg 0x00, 0x80000002)
T4BB8 000:414.395 - 0.178ms returns 0
T4BB8 000:414.417 JLINK_CORESIGHT_WriteAPDPReg(AP reg 0x01, 0x80011140)
T4BB8 000:414.622 - 0.205ms returns 0
T4BB8 000:414.635 JLINK_CORESIGHT_ReadAPDPReg(AP reg 0x03)
T4BB8 000:414.868   Value=0x00000002
T4BB8 000:414.876 - 0.241ms returns 0
T4BB8 000:414.884 JLINK_CORESIGHT_WriteAPDPReg(AP reg 0x00, 0x80000002)
T4BB8 000:415.061 - 0.177ms returns 0
T4BB8 000:415.073 JLINK_CORESIGHT_WriteAPDPReg(AP reg 0x01, 0x80011120)
T4BB8 000:415.281 - 0.207ms returns 0
T4BB8 000:415.304 JLINK_CORESIGHT_WriteAPDPReg(AP reg 0x03, 0x4F010001)
T4BB8 000:415.496 - 0.191ms returns 0
T4BB8 000:415.516 JLINK_CORESIGHT_WriteAPDPReg(AP reg 0x00, 0x80000002)
T4BB8 000:415.723 - 0.207ms returns 0
T4BB8 000:415.738 JLINK_CORESIGHT_WriteAPDPReg(AP reg 0x01, 0x80011140)
T4BB8 000:415.949 - 0.210ms returns 0
T4BB8 000:415.974 JLINK_CORESIGHT_ReadAPDPReg(AP reg 0x03)
T4BB8 000:416.247   Value=0x00000002
T4BB8 000:416.275 - 0.300ms returns 0
T4BB8 000:416.288 JLINK_CORESIGHT_WriteAPDPReg(AP reg 0x00, 0x80000002)
T4BB8 000:416.483 - 0.195ms returns 0
T4BB8 000:416.516 JLINK_CORESIGHT_WriteAPDPReg(AP reg 0x01, 0x80011120)
T4BB8 000:416.721 - 0.204ms returns 0
T4BB8 000:416.741 JLINK_CORESIGHT_WriteAPDPReg(AP reg 0x03, 0x000003B0)
T4BB8 000:416.938 - 0.197ms returns 0
T4BB8 000:416.952 JLINK_CORESIGHT_WriteAPDPReg(AP reg 0x00, 0x80000002)
T4BB8 000:417.152 - 0.200ms returns 0
T4BB8 000:417.161 JLINK_CORESIGHT_WriteAPDPReg(AP reg 0x01, 0x80011140)
T4BB8 000:417.357 - 0.196ms returns 0
T4BB8 000:417.365 JLINK_CORESIGHT_ReadAPDPReg(AP reg 0x03)
T4BB8 000:417.616   Value=0x00000000
T4BB8 000:417.626 - 0.261ms returns 0
T4BB8 000:417.634 JLINK_CORESIGHT_WriteAPDPReg(AP reg 0x00, 0x80000002)
T4BB8 000:417.826 - 0.191ms returns 0
T4BB8 000:417.851 JLINK_CORESIGHT_WriteAPDPReg(AP reg 0x01, 0x80011130)
T4BB8 000:418.038 - 0.187ms returns 0
T4BB8 000:418.061 JLINK_CORESIGHT_ReadAPDPReg(AP reg 0x03)
T4BB8 000:418.317   Value=0x4F0B0081
T4BB8 000:418.331 - 0.270ms returns 0
T4BB8 000:418.339 JLINK_CORESIGHT_WriteAPDPReg(AP reg 0x00, 0x80000002)
T4BB8 000:418.593 - 0.253ms returns 0
T4BB8 000:418.608 JLINK_CORESIGHT_WriteAPDPReg(AP reg 0x01, 0x80011140)
T4BB8 000:418.783 - 0.175ms returns 0
T4BB8 000:418.794 JLINK_CORESIGHT_ReadAPDPReg(AP reg 0x03)
T4BB8 000:419.026   Value=0x00000000
T4BB8 000:419.035 - 0.240ms returns 0
T4BB8 000:419.042 JLINK_CORESIGHT_WriteAPDPReg(AP reg 0x00, 0x80000002)
T4BB8 000:419.211 - 0.169ms returns 0
T4BB8 000:419.223 JLINK_CORESIGHT_WriteAPDPReg(AP reg 0x01, 0x80011130)
T4BB8 000:419.400 - 0.177ms returns 0
T4BB8 000:419.409 JLINK_CORESIGHT_ReadAPDPReg(AP reg 0x03)
T4BB8 000:419.656   Value=0x20001700
T4BB8 000:419.682 - 0.273ms returns 0
T4BB8 000:419.691 JLINK_CORESIGHT_WriteAPDPReg(AP reg 0x00, 0x80000002)
T4BB8 000:419.878 - 0.186ms returns 0
T4BB8 000:419.889 JLINK_CORESIGHT_WriteAPDPReg(AP reg 0x01, 0x80011140)
T4BB8 000:420.160 - 0.270ms returns 0
T4BB8 000:420.209 JLINK_CORESIGHT_ReadAPDPReg(AP reg 0x03)
T4BB8 000:420.663   Value=0x00000000
T4BB8 000:420.678 - 0.468ms returns 0
T4BB8 000:420.687 JLINK_CORESIGHT_WriteAPDPReg(AP reg 0x00, 0x80000002)
T4BB8 000:420.891 - 0.203ms returns 0
T4BB8 000:420.915 JLINK_CORESIGHT_WriteAPDPReg(AP reg 0x01, 0x80011130)
T4BB8 000:421.111 - 0.195ms returns 0
T4BB8 000:421.121 JLINK_CORESIGHT_ReadAPDPReg(AP reg 0x03)
T4BB8 000:421.341   Value=0x0B000000
T4BB8 000:421.350 - 0.229ms returns 0
T4BB8 000:421.357 JLINK_CORESIGHT_WriteAPDPReg(AP reg 0x00, 0x80000002)
T4BB8 000:421.581 - 0.223ms returns 0
T4BB8 000:421.592 JLINK_CORESIGHT_WriteAPDPReg(AP reg 0x01, 0x80011140)
T4BB8 000:421.770 - 0.178ms returns 0
T4BB8 000:421.778 JLINK_CORESIGHT_ReadAPDPReg(AP reg 0x03)
T4BB8 000:422.006   Value=0x00000000
T4BB8 000:422.016 - 0.238ms returns 0
T4BB8 000:422.025 JLINK_CORESIGHT_WriteAPDPReg(AP reg 0x00, 0x80000002)
T4BB8 000:422.194 - 0.168ms returns 0
T4BB8 000:422.202 JLINK_CORESIGHT_WriteAPDPReg(AP reg 0x01, 0x80011130)
T4BB8 000:422.380 - 0.178ms returns 0
T4BB8 000:422.388 JLINK_CORESIGHT_ReadAPDPReg(AP reg 0x03)
T4BB8 000:422.628   Value=0x03541000
T4BB8 000:422.638 - 0.250ms returns 0
T4BB8 000:422.669 JLINK_CORESIGHT_ReadAPDPReg(DP reg 0x01)
T4BB8 000:422.841   Value=0xF0000F40
T4BB8 000:422.849 - 0.180ms returns 0
T4BB8 000:422.856 JLINK_CORESIGHT_WriteAPDPReg(DP reg 0x01, 0xA0000F40)
T4BB8 000:423.028 - 0.172ms returns 0
T4BB8 000:423.038 JLINK_CORESIGHT_ReadAPDPReg(DP reg 0x01)
T4BB8 000:423.216   Value=0x00000F40
T4BB8 000:423.224 - 0.186ms returns 0
T4BB8 000:423.231 JLINK_ClrRESET()
T4BB8 000:423.668 - 0.435ms 
T4BB8 000:526.209 JLINK_Close()
T4BB8 000:536.893 - 10.683ms
T4BB8 000:536.921   
T4BB8 000:536.926   Closed
