T88C4 000:000.446   SEGGER J-Link V8.12c Log File
T88C4 000:000.586   DLL Compiled: Jan 22 2025 12:55:59
T88C4 000:000.592   Logging started @ 2025-04-20 17:31
T88C4 000:000.598   Process: C:\Users\a8456\.eclipse\com.renesas.platform_1309835749\DebugComp\RA\e2-server-gdb.exe
T88C4 000:000.607 - 0.604ms 
T88C4 000:000.619 JLINK_GetDLLVersion()
T88C4 000:000.625 - 0.007ms returns 81203
T88C4 000:002.145 JLINK_OpenEx(...)
T88C4 000:008.505   Firmware: J-Link V9 compiled May  7 2021 16:26:12
T88C4 000:009.180   Firmware: J-Link V9 compiled May  7 2021 16:26:12
T88C4 000:009.281   Decompressing FW timestamp took 86 us
T88C4 000:014.649   Hardware: V9.60
T88C4 000:014.663   S/N: 69660718
T88C4 000:014.671   OEM: SEGGER
T88C4 000:014.679   Feature(s): RDI, GDB, FlashDL, FlashBP, JFlash
T88C4 000:015.106   Bootloader: (FW returned invalid version)
T88C4 000:015.717   TELNET listener socket opened on port 19021
T88C4 000:015.819   WEBSRV WEBSRV_Init(): Starting webserver thread(s)
T88C4 000:015.934   WEBSRV Webserver running on local port 19080
T88C4 000:016.027   Looking for J-Link GUI Server exe at: C:\Users\a8456\.eclipse\com.renesas.platform_1309835749\DebugComp\RA\ARM\Segger_v8.12.3\JLinkGUIServer.exe
T88C4 000:016.099   Looking for J-Link GUI Server exe at: C:\Program Files\SEGGER\JLink_V818\JLinkGUIServer.exe
T88C4 000:016.123   Forking J-Link GUI Server: C:\Program Files\SEGGER\JLink_V818\JLinkGUIServer.exe
T88C4 000:041.205   J-Link GUI Server info: "J-Link GUI server V8.18 "
T88C4 000:044.858 - 42.707ms returns "O.K."
T88C4 000:044.975 JLINK_TIF_Select(JLINKARM_TIF_SWD)
T88C4 000:045.665 - 0.690ms returns 0x00
T88C4 000:045.689 JLINK_ClrRESET()
T88C4 000:046.148 - 0.459ms 
T88C4 000:096.634 JLINK_SetSpeed(1500)
T88C4 000:096.759 - 0.129ms 
T88C4 000:096.768 JLINK_CORESIGHT_Configure(PerformTIFInit=0)
T88C4 000:097.183 - 0.415ms returns 0
T88C4 000:097.195 JLINK_CORESIGHT_ReadAPDPReg(DP reg 0x00)
T88C4 000:097.415   Value=0x6BA02477
T88C4 000:097.423 - 0.230ms returns 0
T88C4 000:097.430 JLINK_CORESIGHT_WriteAPDPReg(DP reg 0x00, 0x0000001F)
T88C4 000:097.646 - 0.215ms returns 0
T88C4 000:097.653 JLINK_CORESIGHT_ReadAPDPReg(DP reg 0x00)
T88C4 000:097.868   Value=0x6BA02477
T88C4 000:097.876 - 0.223ms returns 0
T88C4 000:097.883 JLINK_CORESIGHT_WriteAPDPReg(DP reg 0x02, 0x00000000)
T88C4 000:098.103 - 0.220ms returns 0
T88C4 000:098.110 JLINK_CORESIGHT_WriteAPDPReg(DP reg 0x01, 0x50000000)
T88C4 000:098.282 - 0.172ms returns 0
T88C4 000:098.292 JLINK_CORESIGHT_ReadAPDPReg(DP reg 0x01)
T88C4 000:098.463   Value=0xD0000040
T88C4 000:098.471 - 0.179ms returns 0
T88C4 000:098.479 JLINK_CORESIGHT_ReadAPDPReg(DP reg 0x01)
T88C4 000:098.671   Value=0xD0000040
T88C4 000:098.680 - 0.200ms returns 0
T88C4 000:098.686 JLINK_CORESIGHT_ReadAPDPReg(DP reg 0x01)
T88C4 000:098.883   Value=0xD0000040
T88C4 000:098.891 - 0.205ms returns 0
T88C4 000:098.898 JLINK_CORESIGHT_ReadAPDPReg(DP reg 0x01)
T88C4 000:099.102   Value=0xD0000040
T88C4 000:099.110 - 0.211ms returns 0
T88C4 000:099.117 JLINK_CORESIGHT_ReadAPDPReg(DP reg 0x01)
T88C4 000:099.292   Value=0xD0000040
T88C4 000:099.301 - 0.184ms returns 0
T88C4 000:099.308 JLINK_CORESIGHT_ReadAPDPReg(DP reg 0x01)
T88C4 000:099.499   Value=0xD0000040
T88C4 000:099.507 - 0.199ms returns 0
T88C4 000:099.514 JLINK_CORESIGHT_ReadAPDPReg(DP reg 0x01)
T88C4 000:099.726   Value=0xD0000040
T88C4 000:099.735 - 0.220ms returns 0
T88C4 000:099.743 JLINK_CORESIGHT_ReadAPDPReg(DP reg 0x01)
T88C4 000:099.943   Value=0xF0000040
T88C4 000:099.951 - 0.208ms returns 0
T88C4 000:099.958 JLINK_CORESIGHT_WriteAPDPReg(DP reg 0x00, 0x0000001F)
T88C4 000:100.148 - 0.189ms returns 0
T88C4 000:100.155 JLINK_CORESIGHT_ReadAPDPReg(DP reg 0x00)
T88C4 000:100.330   Value=0x6BA02477
T88C4 000:100.338 - 0.182ms returns 0
T88C4 000:100.345 JLINK_CORESIGHT_WriteAPDPReg(DP reg 0x01, 0x54000000)
T88C4 000:100.543 - 0.198ms returns 0
T88C4 000:100.551 JLINK_CORESIGHT_WriteAPDPReg(DP reg 0x01, 0x50000F00)
T88C4 000:100.725 - 0.174ms returns 0
T88C4 000:100.733 JLINK_CORESIGHT_WriteAPDPReg(DP reg 0x02, 0x01000000)
T88C4 000:100.942 - 0.210ms returns 0
T88C4 000:100.952 JLINK_CORESIGHT_WriteAPDPReg(AP reg 0x00, 0x80000002)
T88C4 000:101.116 - 0.165ms returns 0
T88C4 000:101.124 JLINK_CORESIGHT_WriteAPDPReg(AP reg 0x01, 0x80011100)
T88C4 000:101.299 - 0.175ms returns 0
T88C4 000:101.307 JLINK_CORESIGHT_WriteAPDPReg(AP reg 0x03, 0x000000A5)
T88C4 000:101.479 - 0.172ms returns 0
T88C4 000:101.486 JLINK_CORESIGHT_WriteAPDPReg(AP reg 0x00, 0x80000002)
T88C4 000:101.666 - 0.180ms returns 0
T88C4 000:101.674 JLINK_CORESIGHT_WriteAPDPReg(AP reg 0x01, 0x80011100)
T88C4 000:101.872 - 0.198ms returns 0
T88C4 000:101.880 JLINK_CORESIGHT_ReadAPDPReg(AP reg 0x03)
T88C4 000:102.103   Value=0x000000A5
T88C4 000:102.112 - 0.232ms returns 0
T88C4 000:102.119 JLINK_ClrTMS()
T88C4 000:102.159 - 0.039ms 
T88C4 000:107.961 JLINK_SetTCK()
T88C4 000:108.086 - 0.125ms returns 0
T88C4 000:113.214 JLINK_SetRESET()
T88C4 000:113.285 - 0.070ms 
T88C4 000:313.985 JLINK_CORESIGHT_WriteAPDPReg(AP reg 0x00, 0x80000002)
T88C4 000:314.328 - 0.343ms returns 0
T88C4 000:314.351 JLINK_CORESIGHT_WriteAPDPReg(AP reg 0x01, 0x80011100)
T88C4 000:314.583 - 0.231ms returns 0
T88C4 000:314.598 JLINK_CORESIGHT_ReadAPDPReg(AP reg 0x03)
T88C4 000:314.884   Value=0x00000000
T88C4 000:314.901 - 0.303ms returns 0
T88C4 000:314.914 JLINK_CORESIGHT_WriteAPDPReg(AP reg 0x00, 0x80000002)
T88C4 000:315.145 - 0.231ms returns 0
T88C4 000:315.160 JLINK_CORESIGHT_WriteAPDPReg(AP reg 0x01, 0x80011140)
T88C4 000:315.405 - 0.245ms returns 0
T88C4 000:315.420 JLINK_CORESIGHT_ReadAPDPReg(AP reg 0x03)
T88C4 000:315.660   Value=0x00000002
T88C4 000:315.678 - 0.257ms returns 0
T88C4 000:315.691 JLINK_CORESIGHT_WriteAPDPReg(AP reg 0x00, 0x80000002)
T88C4 000:315.940 - 0.248ms returns 0
T88C4 000:315.955 JLINK_CORESIGHT_WriteAPDPReg(AP reg 0x01, 0x80011120)
T88C4 000:316.240 - 0.284ms returns 0
T88C4 000:316.254 JLINK_CORESIGHT_WriteAPDPReg(AP reg 0x03, 0x00000055)
T88C4 000:316.450 - 0.195ms returns 0
T88C4 000:316.465 JLINK_CORESIGHT_WriteAPDPReg(AP reg 0x00, 0x80000002)
T88C4 000:316.658 - 0.193ms returns 0
T88C4 000:316.674 JLINK_CORESIGHT_WriteAPDPReg(AP reg 0x01, 0x80011140)
T88C4 000:316.869 - 0.195ms returns 0
T88C4 000:316.885 JLINK_CORESIGHT_ReadAPDPReg(AP reg 0x03)
T88C4 000:317.155   Value=0x00000000
T88C4 000:317.174 - 0.288ms returns 0
T88C4 000:317.188 JLINK_CORESIGHT_WriteAPDPReg(AP reg 0x00, 0x80000002)
T88C4 000:317.430 - 0.242ms returns 0
T88C4 000:317.447 JLINK_CORESIGHT_WriteAPDPReg(AP reg 0x01, 0x80011130)
T88C4 000:317.651 - 0.204ms returns 0
T88C4 000:317.667 JLINK_CORESIGHT_ReadAPDPReg(AP reg 0x03)
T88C4 000:317.906   Value=0x000000C6
T88C4 000:317.925 - 0.258ms returns 0
T88C4 000:317.952 JLINK_CORESIGHT_WriteAPDPReg(AP reg 0x00, 0x80000002)
T88C4 000:318.246 - 0.294ms returns 0
T88C4 000:318.263 JLINK_CORESIGHT_WriteAPDPReg(AP reg 0x01, 0x80011140)
T88C4 000:318.453 - 0.189ms returns 0
T88C4 000:318.470 JLINK_CORESIGHT_ReadAPDPReg(AP reg 0x03)
T88C4 000:318.722   Value=0x00000002
T88C4 000:318.742 - 0.272ms returns 0
T88C4 000:318.757 JLINK_CORESIGHT_WriteAPDPReg(AP reg 0x00, 0x80000002)
T88C4 000:318.955 - 0.198ms returns 0
T88C4 000:318.973 JLINK_CORESIGHT_WriteAPDPReg(AP reg 0x01, 0x80011120)
T88C4 000:319.241 - 0.267ms returns 0
T88C4 000:319.258 JLINK_CORESIGHT_WriteAPDPReg(AP reg 0x03, 0x3A010001)
T88C4 000:319.450 - 0.192ms returns 0
T88C4 000:319.467 JLINK_CORESIGHT_WriteAPDPReg(AP reg 0x00, 0x80000002)
T88C4 000:319.662 - 0.194ms returns 0
T88C4 000:319.678 JLINK_CORESIGHT_WriteAPDPReg(AP reg 0x01, 0x80011140)
T88C4 000:319.900 - 0.222ms returns 0
T88C4 000:319.917 JLINK_CORESIGHT_ReadAPDPReg(AP reg 0x03)
T88C4 000:320.157   Value=0x00000002
T88C4 000:320.185 - 0.268ms returns 0
T88C4 000:320.201 JLINK_CORESIGHT_WriteAPDPReg(AP reg 0x00, 0x80000002)
T88C4 000:322.354 - 2.152ms returns 0
T88C4 000:322.406 JLINK_CORESIGHT_WriteAPDPReg(AP reg 0x01, 0x80011120)
T88C4 000:322.867 - 0.462ms returns 0
T88C4 000:322.897 JLINK_CORESIGHT_WriteAPDPReg(AP reg 0x03, 0x000003C5)
T88C4 000:323.141 - 0.243ms returns 0
T88C4 000:323.174 JLINK_CORESIGHT_WriteAPDPReg(AP reg 0x00, 0x80000002)
T88C4 000:323.401 - 0.226ms returns 0
T88C4 000:323.504 JLINK_CORESIGHT_WriteAPDPReg(AP reg 0x01, 0x80011140)
T88C4 000:323.824 - 0.320ms returns 0
T88C4 000:323.852 JLINK_CORESIGHT_ReadAPDPReg(AP reg 0x03)
T88C4 000:324.107   Value=0x00000000
T88C4 000:324.127 - 0.275ms returns 0
T88C4 000:324.141 JLINK_CORESIGHT_WriteAPDPReg(AP reg 0x00, 0x80000002)
T88C4 000:324.324 - 0.183ms returns 0
T88C4 000:324.341 JLINK_CORESIGHT_WriteAPDPReg(AP reg 0x01, 0x80011130)
T88C4 000:324.581 - 0.239ms returns 0
T88C4 000:324.595 JLINK_CORESIGHT_ReadAPDPReg(AP reg 0x03)
T88C4 000:324.842   Value=0x3A2A0081
T88C4 000:324.858 - 0.263ms returns 0
T88C4 000:324.870 JLINK_CORESIGHT_WriteAPDPReg(AP reg 0x00, 0x80000002)
T88C4 000:325.106 - 0.236ms returns 0
T88C4 000:325.119 JLINK_CORESIGHT_WriteAPDPReg(AP reg 0x01, 0x80011140)
T88C4 000:325.326 - 0.207ms returns 0
T88C4 000:325.341 JLINK_CORESIGHT_ReadAPDPReg(AP reg 0x03)
T88C4 000:325.580   Value=0x00000000
T88C4 000:325.611 - 0.269ms returns 0
T88C4 000:325.626 JLINK_CORESIGHT_WriteAPDPReg(AP reg 0x00, 0x80000002)
T88C4 000:325.837 - 0.211ms returns 0
T88C4 000:325.864 JLINK_CORESIGHT_WriteAPDPReg(AP reg 0x01, 0x80011130)
T88C4 000:326.106 - 0.242ms returns 0
T88C4 000:326.125 JLINK_CORESIGHT_ReadAPDPReg(AP reg 0x03)
T88C4 000:326.715   Value=0x80841E00
T88C4 000:326.745 - 0.620ms returns 0
T88C4 000:326.769 JLINK_CORESIGHT_WriteAPDPReg(AP reg 0x00, 0x80000002)
T88C4 000:326.986 - 0.217ms returns 0
T88C4 000:327.004 JLINK_CORESIGHT_WriteAPDPReg(AP reg 0x01, 0x80011140)
T88C4 000:327.245 - 0.241ms returns 0
T88C4 000:327.263 JLINK_CORESIGHT_ReadAPDPReg(AP reg 0x03)
T88C4 000:327.501   Value=0x00000000
T88C4 000:327.524 - 0.261ms returns 0
T88C4 000:327.538 JLINK_CORESIGHT_WriteAPDPReg(AP reg 0x00, 0x80000002)
T88C4 000:327.780 - 0.242ms returns 0
T88C4 000:327.794 JLINK_CORESIGHT_WriteAPDPReg(AP reg 0x01, 0x80011130)
T88C4 000:327.987 - 0.192ms returns 0
T88C4 000:328.001 JLINK_CORESIGHT_ReadAPDPReg(AP reg 0x03)
T88C4 000:328.279   Value=0x000D0803
T88C4 000:328.297 - 0.296ms returns 0
T88C4 000:328.309 JLINK_CORESIGHT_WriteAPDPReg(AP reg 0x00, 0x80000002)
T88C4 000:328.544 - 0.235ms returns 0
T88C4 000:328.558 JLINK_CORESIGHT_WriteAPDPReg(AP reg 0x01, 0x80011140)
T88C4 000:328.750 - 0.191ms returns 0
T88C4 000:328.764 JLINK_CORESIGHT_ReadAPDPReg(AP reg 0x03)
T88C4 000:329.006   Value=0x00000000
T88C4 000:329.022 - 0.258ms returns 0
T88C4 000:329.034 JLINK_CORESIGHT_WriteAPDPReg(AP reg 0x00, 0x80000002)
T88C4 000:329.244 - 0.210ms returns 0
T88C4 000:329.258 JLINK_CORESIGHT_WriteAPDPReg(AP reg 0x01, 0x80011130)
T88C4 000:329.447 - 0.189ms returns 0
T88C4 000:329.460 JLINK_CORESIGHT_ReadAPDPReg(AP reg 0x03)
T88C4 000:329.698   Value=0x31574B02
T88C4 000:329.714 - 0.253ms returns 0
T88C4 000:329.725 JLINK_CORESIGHT_WriteAPDPReg(AP reg 0x00, 0x80000002)
T88C4 000:329.908 - 0.182ms returns 0
T88C4 000:329.921 JLINK_CORESIGHT_WriteAPDPReg(AP reg 0x01, 0x80011140)
T88C4 000:330.104 - 0.183ms returns 0
T88C4 000:330.118 JLINK_CORESIGHT_ReadAPDPReg(AP reg 0x03)
T88C4 000:330.362   Value=0x00000000
T88C4 000:330.378 - 0.260ms returns 0
T88C4 000:330.393 JLINK_CORESIGHT_WriteAPDPReg(AP reg 0x00, 0x80000002)
T88C4 000:330.585 - 0.192ms returns 0
T88C4 000:330.600 JLINK_CORESIGHT_WriteAPDPReg(AP reg 0x01, 0x80011130)
T88C4 000:330.794 - 0.194ms returns 0
T88C4 000:330.809 JLINK_CORESIGHT_ReadAPDPReg(AP reg 0x03)
T88C4 000:331.104   Value=0x33D8AB74
T88C4 000:331.120 - 0.311ms returns 0
T88C4 000:331.133 JLINK_CORESIGHT_WriteAPDPReg(AP reg 0x00, 0x80000002)
T88C4 000:331.331 - 0.198ms returns 0
T88C4 000:331.347 JLINK_CORESIGHT_WriteAPDPReg(AP reg 0x01, 0x80011140)
T88C4 000:331.588 - 0.241ms returns 0
T88C4 000:331.603 JLINK_CORESIGHT_ReadAPDPReg(AP reg 0x03)
T88C4 000:331.838   Value=0x00000000
T88C4 000:331.854 - 0.250ms returns 0
T88C4 000:331.867 JLINK_CORESIGHT_WriteAPDPReg(AP reg 0x00, 0x80000002)
T88C4 000:332.106 - 0.239ms returns 0
T88C4 000:332.123 JLINK_CORESIGHT_WriteAPDPReg(AP reg 0x01, 0x80011130)
T88C4 000:332.322 - 0.198ms returns 0
T88C4 000:332.338 JLINK_CORESIGHT_ReadAPDPReg(AP reg 0x03)
T88C4 000:332.576   Value=0x30383334
T88C4 000:332.592 - 0.254ms returns 0
T88C4 000:332.605 JLINK_CORESIGHT_WriteAPDPReg(AP reg 0x00, 0x80000002)
T88C4 000:332.794 - 0.189ms returns 0
T88C4 000:332.809 JLINK_CORESIGHT_WriteAPDPReg(AP reg 0x01, 0x80011140)
T88C4 000:333.003 - 0.193ms returns 0
T88C4 000:333.028 JLINK_CORESIGHT_ReadAPDPReg(AP reg 0x03)
T88C4 000:333.283   Value=0x00000000
T88C4 000:333.299 - 0.271ms returns 0
T88C4 000:333.314 JLINK_CORESIGHT_WriteAPDPReg(AP reg 0x00, 0x80000002)
T88C4 000:333.535 - 0.221ms returns 0
T88C4 000:333.550 JLINK_CORESIGHT_WriteAPDPReg(AP reg 0x01, 0x80011130)
T88C4 000:333.738 - 0.187ms returns 0
T88C4 000:333.760 JLINK_CORESIGHT_ReadAPDPReg(AP reg 0x03)
T88C4 000:334.106   Value=0x25123130
T88C4 000:334.123 - 0.363ms returns 0
T88C4 000:334.137 JLINK_CORESIGHT_WriteAPDPReg(AP reg 0x00, 0x80000002)
T88C4 000:334.332 - 0.195ms returns 0
T88C4 000:334.348 JLINK_CORESIGHT_WriteAPDPReg(AP reg 0x01, 0x80011140)
T88C4 000:334.589 - 0.240ms returns 0
T88C4 000:334.604 JLINK_CORESIGHT_ReadAPDPReg(AP reg 0x03)
T88C4 000:334.846   Value=0x00000000
T88C4 000:334.863 - 0.258ms returns 0
T88C4 000:334.877 JLINK_CORESIGHT_WriteAPDPReg(AP reg 0x00, 0x80000002)
T88C4 000:335.105 - 0.228ms returns 0
T88C4 000:335.120 JLINK_CORESIGHT_WriteAPDPReg(AP reg 0x01, 0x80011130)
T88C4 000:335.319 - 0.198ms returns 0
T88C4 000:335.334 JLINK_CORESIGHT_ReadAPDPReg(AP reg 0x03)
T88C4 000:335.572   Value=0x46375225
T88C4 000:335.588 - 0.254ms returns 0
T88C4 000:335.602 JLINK_CORESIGHT_WriteAPDPReg(AP reg 0x00, 0x80000002)
T88C4 000:335.789 - 0.186ms returns 0
T88C4 000:335.811 JLINK_CORESIGHT_WriteAPDPReg(AP reg 0x01, 0x80011140)
T88C4 000:336.001 - 0.189ms returns 0
T88C4 000:336.017 JLINK_CORESIGHT_ReadAPDPReg(AP reg 0x03)
T88C4 000:336.272   Value=0x00000000
T88C4 000:336.289 - 0.272ms returns 0
T88C4 000:336.303 JLINK_CORESIGHT_WriteAPDPReg(AP reg 0x00, 0x80000002)
T88C4 000:336.504 - 0.201ms returns 0
T88C4 000:336.519 JLINK_CORESIGHT_WriteAPDPReg(AP reg 0x01, 0x80011130)
T88C4 000:336.713 - 0.194ms returns 0
T88C4 000:336.729 JLINK_CORESIGHT_ReadAPDPReg(AP reg 0x03)
T88C4 000:338.897   Value=0x314C3441
T88C4 000:338.998 - 2.267ms returns 0
T88C4 000:339.171 JLINK_CORESIGHT_WriteAPDPReg(AP reg 0x00, 0x80000002)
T88C4 000:339.476 - 0.306ms returns 0
T88C4 000:339.517 JLINK_CORESIGHT_WriteAPDPReg(AP reg 0x01, 0x80011140)
T88C4 000:339.774 - 0.257ms returns 0
T88C4 000:339.809 JLINK_CORESIGHT_ReadAPDPReg(AP reg 0x03)
T88C4 000:340.184   Value=0x00000000
T88C4 000:340.212 - 0.403ms returns 0
T88C4 000:340.226 JLINK_CORESIGHT_WriteAPDPReg(AP reg 0x00, 0x80000002)
T88C4 000:340.596 - 0.369ms returns 0
T88C4 000:340.626 JLINK_CORESIGHT_WriteAPDPReg(AP reg 0x01, 0x80011130)
T88C4 000:340.877 - 0.251ms returns 0
T88C4 000:340.898 JLINK_CORESIGHT_ReadAPDPReg(AP reg 0x03)
T88C4 000:341.147   Value=0x43344442
T88C4 000:341.170 - 0.272ms returns 0
T88C4 000:341.183 JLINK_CORESIGHT_WriteAPDPReg(AP reg 0x00, 0x80000002)
T88C4 000:341.376 - 0.193ms returns 0
T88C4 000:341.390 JLINK_CORESIGHT_WriteAPDPReg(AP reg 0x01, 0x80011140)
T88C4 000:341.588 - 0.198ms returns 0
T88C4 000:341.602 JLINK_CORESIGHT_ReadAPDPReg(AP reg 0x03)
T88C4 000:341.965   Value=0x00000000
T88C4 000:341.992 - 0.389ms returns 0
T88C4 000:342.007 JLINK_CORESIGHT_WriteAPDPReg(AP reg 0x00, 0x80000002)
T88C4 000:342.270 - 0.263ms returns 0
T88C4 000:342.417 JLINK_CORESIGHT_WriteAPDPReg(AP reg 0x01, 0x80011130)
T88C4 000:342.652 - 0.234ms returns 0
T88C4 000:342.680 JLINK_CORESIGHT_ReadAPDPReg(AP reg 0x03)
T88C4 000:342.992   Value=0x20205046
T88C4 000:343.017 - 0.337ms returns 0
T88C4 000:343.030 JLINK_CORESIGHT_WriteAPDPReg(AP reg 0x00, 0x80000002)
T88C4 000:343.238 - 0.208ms returns 0
T88C4 000:343.253 JLINK_CORESIGHT_WriteAPDPReg(AP reg 0x01, 0x80011140)
T88C4 000:343.503 - 0.250ms returns 0
T88C4 000:343.522 JLINK_CORESIGHT_ReadAPDPReg(AP reg 0x03)
T88C4 000:343.757   Value=0x00000000
T88C4 000:343.773 - 0.251ms returns 0
T88C4 000:343.786 JLINK_CORESIGHT_WriteAPDPReg(AP reg 0x00, 0x80000002)
T88C4 000:344.023 - 0.237ms returns 0
T88C4 000:344.037 JLINK_CORESIGHT_WriteAPDPReg(AP reg 0x01, 0x80011130)
T88C4 000:344.225 - 0.188ms returns 0
T88C4 000:344.244 JLINK_CORESIGHT_ReadAPDPReg(AP reg 0x03)
T88C4 000:344.485   Value=0x00032320
T88C4 000:344.503 - 0.258ms returns 0
T88C4 000:344.584 JLINK_CORESIGHT_WriteAPDPReg(AP reg 0x00, 0x80000002)
T88C4 000:344.778 - 0.194ms returns 0
T88C4 000:344.799 JLINK_CORESIGHT_WriteAPDPReg(AP reg 0x01, 0x80011140)
T88C4 000:344.994 - 0.195ms returns 0
T88C4 000:345.008 JLINK_CORESIGHT_ReadAPDPReg(AP reg 0x03)
T88C4 000:345.279   Value=0x00000002
T88C4 000:345.296 - 0.287ms returns 0
T88C4 000:345.308 JLINK_CORESIGHT_WriteAPDPReg(AP reg 0x00, 0x80000002)
T88C4 000:345.503 - 0.194ms returns 0
T88C4 000:345.516 JLINK_CORESIGHT_WriteAPDPReg(AP reg 0x01, 0x80011120)
T88C4 000:345.728 - 0.211ms returns 0
T88C4 000:345.748 JLINK_CORESIGHT_WriteAPDPReg(AP reg 0x03, 0x2C010001)
T88C4 000:345.941 - 0.193ms returns 0
T88C4 000:345.956 JLINK_CORESIGHT_WriteAPDPReg(AP reg 0x00, 0x80000002)
T88C4 000:346.240 - 0.284ms returns 0
T88C4 000:346.255 JLINK_CORESIGHT_WriteAPDPReg(AP reg 0x01, 0x80011140)
T88C4 000:346.448 - 0.192ms returns 0
T88C4 000:346.462 JLINK_CORESIGHT_ReadAPDPReg(AP reg 0x03)
T88C4 000:346.701   Value=0x00000002
T88C4 000:346.718 - 0.256ms returns 0
T88C4 000:346.731 JLINK_CORESIGHT_WriteAPDPReg(AP reg 0x00, 0x80000002)
T88C4 000:346.923 - 0.192ms returns 0
T88C4 000:346.937 JLINK_CORESIGHT_WriteAPDPReg(AP reg 0x01, 0x80011120)
T88C4 000:347.152 - 0.214ms returns 0
T88C4 000:347.166 JLINK_CORESIGHT_WriteAPDPReg(AP reg 0x03, 0x000003D3)
T88C4 000:347.361 - 0.195ms returns 0
T88C4 000:347.375 JLINK_CORESIGHT_WriteAPDPReg(AP reg 0x00, 0x80000002)
T88C4 000:347.567 - 0.191ms returns 0
T88C4 000:347.581 JLINK_CORESIGHT_WriteAPDPReg(AP reg 0x01, 0x80011140)
T88C4 000:347.778 - 0.196ms returns 0
T88C4 000:347.798 JLINK_CORESIGHT_ReadAPDPReg(AP reg 0x03)
T88C4 000:348.030   Value=0x00000002
T88C4 000:348.047 - 0.249ms returns 0
T88C4 000:348.060 JLINK_CORESIGHT_ReadAPDPReg(AP reg 0x03)
T88C4 000:348.279   Value=0x00000002
T88C4 000:348.296 - 0.235ms returns 0
T88C4 000:348.308 JLINK_CORESIGHT_ReadAPDPReg(AP reg 0x03)
T88C4 000:348.547   Value=0x00000002
T88C4 000:348.563 - 0.255ms returns 0
T88C4 000:348.576 JLINK_CORESIGHT_ReadAPDPReg(AP reg 0x03)
T88C4 000:348.823   Value=0x00000002
T88C4 000:348.840 - 0.264ms returns 0
T88C4 000:348.852 JLINK_CORESIGHT_ReadAPDPReg(AP reg 0x03)
T88C4 000:349.105   Value=0x00000002
T88C4 000:349.121 - 0.268ms returns 0
T88C4 000:349.134 JLINK_CORESIGHT_ReadAPDPReg(AP reg 0x03)
T88C4 000:349.375   Value=0x00000002
T88C4 000:349.392 - 0.258ms returns 0
T88C4 000:349.404 JLINK_CORESIGHT_ReadAPDPReg(AP reg 0x03)
T88C4 000:349.636   Value=0x00000002
T88C4 000:349.653 - 0.248ms returns 0
T88C4 000:349.667 JLINK_CORESIGHT_ReadAPDPReg(AP reg 0x03)
T88C4 000:349.902   Value=0x00000002
T88C4 000:349.919 - 0.251ms returns 0
T88C4 000:349.931 JLINK_CORESIGHT_ReadAPDPReg(AP reg 0x03)
T88C4 000:350.157   Value=0x00000000
T88C4 000:350.173 - 0.242ms returns 0
T88C4 000:350.186 JLINK_CORESIGHT_WriteAPDPReg(AP reg 0x00, 0x80000002)
T88C4 000:350.380 - 0.194ms returns 0
T88C4 000:350.394 JLINK_CORESIGHT_WriteAPDPReg(AP reg 0x01, 0x80011130)
T88C4 000:350.589 - 0.195ms returns 0
T88C4 000:350.603 JLINK_CORESIGHT_ReadAPDPReg(AP reg 0x03)
T88C4 000:350.840   Value=0x2C020081
T88C4 000:350.863 - 0.260ms returns 0
T88C4 000:350.876 JLINK_CORESIGHT_WriteAPDPReg(AP reg 0x00, 0x80000002)
T88C4 000:351.107 - 0.230ms returns 0
T88C4 000:351.121 JLINK_CORESIGHT_WriteAPDPReg(AP reg 0x01, 0x80011140)
T88C4 000:351.343 - 0.221ms returns 0
T88C4 000:351.357 JLINK_CORESIGHT_ReadAPDPReg(AP reg 0x03)
T88C4 000:351.594   Value=0x00000000
T88C4 000:351.611 - 0.253ms returns 0
T88C4 000:351.628 JLINK_CORESIGHT_WriteAPDPReg(AP reg 0x00, 0x80000002)
T88C4 000:351.826 - 0.197ms returns 0
T88C4 000:351.840 JLINK_CORESIGHT_WriteAPDPReg(AP reg 0x01, 0x80011130)
T88C4 000:352.105 - 0.264ms returns 0
T88C4 000:352.119 JLINK_CORESIGHT_ReadAPDPReg(AP reg 0x03)
T88C4 000:352.369   Value=0x0003D002
T88C4 000:352.385 - 0.266ms returns 0
T88C4 000:352.403 JLINK_CORESIGHT_WriteAPDPReg(AP reg 0x00, 0x80000002)
T88C4 000:352.592 - 0.189ms returns 0
T88C4 000:352.606 JLINK_CORESIGHT_WriteAPDPReg(AP reg 0x01, 0x80011140)
T88C4 000:352.798 - 0.192ms returns 0
T88C4 000:352.813 JLINK_CORESIGHT_ReadAPDPReg(AP reg 0x03)
T88C4 000:353.106   Value=0x00000002
T88C4 000:353.123 - 0.309ms returns 0
T88C4 000:353.135 JLINK_CORESIGHT_WriteAPDPReg(AP reg 0x00, 0x80000002)
T88C4 000:353.329 - 0.193ms returns 0
T88C4 000:353.351 JLINK_CORESIGHT_WriteAPDPReg(AP reg 0x01, 0x80011120)
T88C4 000:353.555 - 0.204ms returns 0
T88C4 000:353.575 JLINK_CORESIGHT_WriteAPDPReg(AP reg 0x03, 0x4F010001)
T88C4 000:356.152 - 2.576ms returns 0
T88C4 000:356.252 JLINK_CORESIGHT_WriteAPDPReg(AP reg 0x00, 0x80000002)
T88C4 000:356.550 - 0.298ms returns 0
T88C4 000:356.579 JLINK_CORESIGHT_WriteAPDPReg(AP reg 0x01, 0x80011140)
T88C4 000:356.868 - 0.289ms returns 0
T88C4 000:356.897 JLINK_CORESIGHT_ReadAPDPReg(AP reg 0x03)
T88C4 000:357.160   Value=0x00000002
T88C4 000:357.189 - 0.292ms returns 0
T88C4 000:357.205 JLINK_CORESIGHT_WriteAPDPReg(AP reg 0x00, 0x80000002)
T88C4 000:357.955 - 0.751ms returns 0
T88C4 000:357.984 JLINK_CORESIGHT_WriteAPDPReg(AP reg 0x01, 0x80011120)
T88C4 000:358.242 - 0.258ms returns 0
T88C4 000:358.265 JLINK_CORESIGHT_WriteAPDPReg(AP reg 0x03, 0x000003B0)
T88C4 000:358.462 - 0.198ms returns 0
T88C4 000:358.477 JLINK_CORESIGHT_WriteAPDPReg(AP reg 0x00, 0x80000002)
T88C4 000:358.670 - 0.193ms returns 0
T88C4 000:358.684 JLINK_CORESIGHT_WriteAPDPReg(AP reg 0x01, 0x80011140)
T88C4 000:358.875 - 0.191ms returns 0
T88C4 000:358.889 JLINK_CORESIGHT_ReadAPDPReg(AP reg 0x03)
T88C4 000:359.114   Value=0x00000000
T88C4 000:359.130 - 0.241ms returns 0
T88C4 000:359.142 JLINK_CORESIGHT_WriteAPDPReg(AP reg 0x00, 0x80000002)
T88C4 000:359.332 - 0.190ms returns 0
T88C4 000:359.352 JLINK_CORESIGHT_WriteAPDPReg(AP reg 0x01, 0x80011130)
T88C4 000:359.544 - 0.191ms returns 0
T88C4 000:359.558 JLINK_CORESIGHT_ReadAPDPReg(AP reg 0x03)
T88C4 000:359.796   Value=0x4F0B0081
T88C4 000:359.813 - 0.255ms returns 0
T88C4 000:359.825 JLINK_CORESIGHT_WriteAPDPReg(AP reg 0x00, 0x80000002)
T88C4 000:360.021 - 0.196ms returns 0
T88C4 000:360.035 JLINK_CORESIGHT_WriteAPDPReg(AP reg 0x01, 0x80011140)
T88C4 000:360.224 - 0.189ms returns 0
T88C4 000:360.238 JLINK_CORESIGHT_ReadAPDPReg(AP reg 0x03)
T88C4 000:360.484   Value=0x00000000
T88C4 000:360.500 - 0.262ms returns 0
T88C4 000:360.513 JLINK_CORESIGHT_WriteAPDPReg(AP reg 0x00, 0x80000002)
T88C4 000:360.701 - 0.188ms returns 0
T88C4 000:360.715 JLINK_CORESIGHT_WriteAPDPReg(AP reg 0x01, 0x80011130)
T88C4 000:360.907 - 0.191ms returns 0
T88C4 000:360.920 JLINK_CORESIGHT_ReadAPDPReg(AP reg 0x03)
T88C4 000:361.154   Value=0x40002100
T88C4 000:361.170 - 0.250ms returns 0
T88C4 000:361.183 JLINK_CORESIGHT_WriteAPDPReg(AP reg 0x00, 0x80000002)
T88C4 000:361.380 - 0.197ms returns 0
T88C4 000:361.394 JLINK_CORESIGHT_WriteAPDPReg(AP reg 0x01, 0x80011140)
T88C4 000:361.587 - 0.193ms returns 0
T88C4 000:361.602 JLINK_CORESIGHT_ReadAPDPReg(AP reg 0x03)
T88C4 000:361.839   Value=0x00000000
T88C4 000:361.855 - 0.253ms returns 0
T88C4 000:361.867 JLINK_CORESIGHT_WriteAPDPReg(AP reg 0x00, 0x80000002)
T88C4 000:362.106 - 0.238ms returns 0
T88C4 000:362.120 JLINK_CORESIGHT_WriteAPDPReg(AP reg 0x01, 0x80011130)
T88C4 000:362.305 - 0.184ms returns 0
T88C4 000:362.324 JLINK_CORESIGHT_ReadAPDPReg(AP reg 0x03)
T88C4 000:362.556   Value=0x0B000000
T88C4 000:362.573 - 0.249ms returns 0
T88C4 000:362.586 JLINK_CORESIGHT_WriteAPDPReg(AP reg 0x00, 0x80000002)
T88C4 000:362.772 - 0.185ms returns 0
T88C4 000:362.787 JLINK_CORESIGHT_WriteAPDPReg(AP reg 0x01, 0x80011140)
T88C4 000:363.011 - 0.223ms returns 0
T88C4 000:363.032 JLINK_CORESIGHT_ReadAPDPReg(AP reg 0x03)
T88C4 000:363.296   Value=0x00000000
T88C4 000:363.313 - 0.280ms returns 0
T88C4 000:363.325 JLINK_CORESIGHT_WriteAPDPReg(AP reg 0x00, 0x80000002)
T88C4 000:363.531 - 0.206ms returns 0
T88C4 000:363.545 JLINK_CORESIGHT_WriteAPDPReg(AP reg 0x01, 0x80011130)
T88C4 000:363.730 - 0.185ms returns 0
T88C4 000:363.744 JLINK_CORESIGHT_ReadAPDPReg(AP reg 0x03)
T88C4 000:363.985   Value=0x032A1000
T88C4 000:364.001 - 0.257ms returns 0
T88C4 000:364.102 JLINK_CORESIGHT_WriteAPDPReg(AP reg 0x00, 0x80000002)
T88C4 000:364.296 - 0.195ms returns 0
T88C4 000:364.311 JLINK_CORESIGHT_WriteAPDPReg(AP reg 0x01, 0x80011140)
T88C4 000:364.518 - 0.208ms returns 0
T88C4 000:364.533 JLINK_CORESIGHT_ReadAPDPReg(AP reg 0x03)
T88C4 000:364.763   Value=0x00000002
T88C4 000:364.786 - 0.253ms returns 0
T88C4 000:364.802 JLINK_CORESIGHT_WriteAPDPReg(AP reg 0x00, 0x80000002)
T88C4 000:365.015 - 0.212ms returns 0
T88C4 000:365.124 JLINK_CORESIGHT_WriteAPDPReg(AP reg 0x01, 0x80011120)
T88C4 000:365.338 - 0.214ms returns 0
T88C4 000:365.360 JLINK_CORESIGHT_WriteAPDPReg(AP reg 0x03, 0x2C010001)
T88C4 000:365.564 - 0.203ms returns 0
T88C4 000:365.584 JLINK_CORESIGHT_WriteAPDPReg(AP reg 0x00, 0x80000002)
T88C4 000:365.858 - 0.274ms returns 0
T88C4 000:365.881 JLINK_CORESIGHT_WriteAPDPReg(AP reg 0x01, 0x80011140)
T88C4 000:366.107 - 0.226ms returns 0
T88C4 000:366.131 JLINK_CORESIGHT_ReadAPDPReg(AP reg 0x03)
T88C4 000:366.400   Value=0x00000002
T88C4 000:366.418 - 0.286ms returns 0
T88C4 000:366.430 JLINK_CORESIGHT_WriteAPDPReg(AP reg 0x00, 0x80000002)
T88C4 000:366.619 - 0.188ms returns 0
T88C4 000:366.645 JLINK_CORESIGHT_WriteAPDPReg(AP reg 0x01, 0x80011120)
T88C4 000:366.855 - 0.211ms returns 0
T88C4 000:366.872 JLINK_CORESIGHT_WriteAPDPReg(AP reg 0x03, 0x000003D3)
T88C4 000:367.110 - 0.236ms returns 0
T88C4 000:367.144 JLINK_CORESIGHT_WriteAPDPReg(AP reg 0x00, 0x80000002)
T88C4 000:367.338 - 0.194ms returns 0
T88C4 000:367.357 JLINK_CORESIGHT_WriteAPDPReg(AP reg 0x01, 0x80011140)
T88C4 000:367.554 - 0.197ms returns 0
T88C4 000:367.572 JLINK_CORESIGHT_ReadAPDPReg(AP reg 0x03)
T88C4 000:367.808   Value=0x00000000
T88C4 000:367.829 - 0.257ms returns 0
T88C4 000:367.842 JLINK_CORESIGHT_WriteAPDPReg(AP reg 0x00, 0x80000002)
T88C4 000:368.105 - 0.263ms returns 0
T88C4 000:368.119 JLINK_CORESIGHT_WriteAPDPReg(AP reg 0x01, 0x80011130)
T88C4 000:368.328 - 0.208ms returns 0
T88C4 000:368.341 JLINK_CORESIGHT_ReadAPDPReg(AP reg 0x03)
T88C4 000:368.576   Value=0x2C020081
T88C4 000:368.592 - 0.251ms returns 0
T88C4 000:368.604 JLINK_CORESIGHT_WriteAPDPReg(AP reg 0x00, 0x80000002)
T88C4 000:368.803 - 0.198ms returns 0
T88C4 000:368.816 JLINK_CORESIGHT_WriteAPDPReg(AP reg 0x01, 0x80011140)
T88C4 000:369.010 - 0.193ms returns 0
T88C4 000:369.024 JLINK_CORESIGHT_ReadAPDPReg(AP reg 0x03)
T88C4 000:369.281   Value=0x00000000
T88C4 000:369.297 - 0.273ms returns 0
T88C4 000:369.309 JLINK_CORESIGHT_WriteAPDPReg(AP reg 0x00, 0x80000002)
T88C4 000:369.504 - 0.194ms returns 0
T88C4 000:369.517 JLINK_CORESIGHT_WriteAPDPReg(AP reg 0x01, 0x80011130)
T88C4 000:369.713 - 0.196ms returns 0
T88C4 000:369.727 JLINK_CORESIGHT_ReadAPDPReg(AP reg 0x03)
T88C4 000:369.965   Value=0x0003D002
T88C4 000:369.981 - 0.253ms returns 0
T88C4 000:369.999 JLINK_CORESIGHT_WriteAPDPReg(AP reg 0x00, 0x80000002)
T88C4 000:370.244 - 0.244ms returns 0
T88C4 000:370.257 JLINK_CORESIGHT_WriteAPDPReg(AP reg 0x01, 0x80011140)
T88C4 000:370.911 - 0.653ms returns 0
T88C4 000:370.939 JLINK_CORESIGHT_ReadAPDPReg(AP reg 0x03)
T88C4 000:373.772   Value=0x00000002
T88C4 000:373.819 - 2.880ms returns 0
T88C4 000:373.838 JLINK_CORESIGHT_WriteAPDPReg(AP reg 0x00, 0x80000002)
T88C4 000:374.163 - 0.324ms returns 0
T88C4 000:374.191 JLINK_CORESIGHT_WriteAPDPReg(AP reg 0x01, 0x80011120)
T88C4 000:374.414 - 0.223ms returns 0
T88C4 000:374.439 JLINK_CORESIGHT_WriteAPDPReg(AP reg 0x03, 0x4E0B0001)
T88C4 000:374.650 - 0.210ms returns 0
T88C4 000:374.675 JLINK_CORESIGHT_WriteAPDPReg(AP reg 0x00, 0x80000002)
T88C4 000:374.881 - 0.206ms returns 0
T88C4 000:374.902 JLINK_CORESIGHT_WriteAPDPReg(AP reg 0x01, 0x80011140)
T88C4 000:375.107 - 0.205ms returns 0
T88C4 000:375.122 JLINK_CORESIGHT_ReadAPDPReg(AP reg 0x03)
T88C4 000:375.405   Value=0x00000002
T88C4 000:375.421 - 0.298ms returns 0
T88C4 000:375.433 JLINK_CORESIGHT_WriteAPDPReg(AP reg 0x00, 0x80000002)
T88C4 000:375.638 - 0.204ms returns 0
T88C4 000:375.651 JLINK_CORESIGHT_WriteAPDPReg(AP reg 0x01, 0x80011120)
T88C4 000:375.844 - 0.192ms returns 0
T88C4 000:375.857 JLINK_CORESIGHT_WriteAPDPReg(AP reg 0x03, 0x20001B00)
T88C4 000:376.106 - 0.248ms returns 0
T88C4 000:376.126 JLINK_CORESIGHT_WriteAPDPReg(AP reg 0x00, 0x80000002)
T88C4 000:376.328 - 0.201ms returns 0
T88C4 000:376.342 JLINK_CORESIGHT_WriteAPDPReg(AP reg 0x01, 0x80011140)
T88C4 000:376.533 - 0.190ms returns 0
T88C4 000:376.547 JLINK_CORESIGHT_ReadAPDPReg(AP reg 0x03)
T88C4 000:376.786   Value=0x00000002
T88C4 000:376.808 - 0.260ms returns 0
T88C4 000:376.821 JLINK_CORESIGHT_WriteAPDPReg(AP reg 0x00, 0x80000002)
T88C4 000:377.006 - 0.185ms returns 0
T88C4 000:377.020 JLINK_CORESIGHT_WriteAPDPReg(AP reg 0x01, 0x80011120)
T88C4 000:377.240 - 0.220ms returns 0
T88C4 000:377.256 JLINK_CORESIGHT_WriteAPDPReg(AP reg 0x03, 0x0B000000)
T88C4 000:377.448 - 0.193ms returns 0
T88C4 000:377.463 JLINK_CORESIGHT_WriteAPDPReg(AP reg 0x00, 0x80000002)
T88C4 000:377.654 - 0.191ms returns 0
T88C4 000:377.667 JLINK_CORESIGHT_WriteAPDPReg(AP reg 0x01, 0x80011140)
T88C4 000:377.861 - 0.193ms returns 0
T88C4 000:377.875 JLINK_CORESIGHT_ReadAPDPReg(AP reg 0x03)
T88C4 000:378.104   Value=0x00000002
T88C4 000:378.121 - 0.245ms returns 0
T88C4 000:378.133 JLINK_CORESIGHT_WriteAPDPReg(AP reg 0x00, 0x80000002)
T88C4 000:378.331 - 0.198ms returns 0
T88C4 000:378.345 JLINK_CORESIGHT_WriteAPDPReg(AP reg 0x01, 0x80011120)
T88C4 000:378.550 - 0.205ms returns 0
T88C4 000:378.564 JLINK_CORESIGHT_WriteAPDPReg(AP reg 0x03, 0x03511000)
T88C4 000:378.758 - 0.194ms returns 0
T88C4 000:378.772 JLINK_CORESIGHT_WriteAPDPReg(AP reg 0x00, 0x80000002)
T88C4 000:378.966 - 0.193ms returns 0
T88C4 000:378.980 JLINK_CORESIGHT_WriteAPDPReg(AP reg 0x01, 0x80011140)
T88C4 000:379.239 - 0.258ms returns 0
T88C4 000:379.252 JLINK_CORESIGHT_ReadAPDPReg(AP reg 0x03)
T88C4 000:379.490   Value=0x00000002
T88C4 000:379.506 - 0.254ms returns 0
T88C4 000:379.518 JLINK_CORESIGHT_ReadAPDPReg(AP reg 0x03)
T88C4 000:379.754   Value=0x00000002
T88C4 000:379.770 - 0.251ms returns 0
T88C4 000:379.782 JLINK_CORESIGHT_ReadAPDPReg(AP reg 0x03)
T88C4 000:380.105   Value=0x00000002
T88C4 000:380.121 - 0.338ms returns 0
T88C4 000:380.133 JLINK_CORESIGHT_ReadAPDPReg(AP reg 0x03)
T88C4 000:380.353   Value=0x00000002
T88C4 000:380.369 - 0.236ms returns 0
T88C4 000:380.381 JLINK_CORESIGHT_ReadAPDPReg(AP reg 0x03)
T88C4 000:380.609   Value=0x00000002
T88C4 000:380.625 - 0.243ms returns 0
T88C4 000:380.637 JLINK_CORESIGHT_ReadAPDPReg(AP reg 0x03)
T88C4 000:380.866   Value=0x00000002
T88C4 000:380.882 - 0.245ms returns 0
T88C4 000:380.894 JLINK_CORESIGHT_ReadAPDPReg(AP reg 0x03)
T88C4 000:381.120   Value=0x00000002
T88C4 000:381.136 - 0.241ms returns 0
T88C4 000:381.148 JLINK_CORESIGHT_ReadAPDPReg(AP reg 0x03)
T88C4 000:381.377   Value=0x00000002
T88C4 000:381.393 - 0.245ms returns 0
T88C4 000:381.405 JLINK_CORESIGHT_ReadAPDPReg(AP reg 0x03)
T88C4 000:381.637   Value=0x00000002
T88C4 000:381.653 - 0.247ms returns 0
T88C4 000:381.665 JLINK_CORESIGHT_ReadAPDPReg(AP reg 0x03)
T88C4 000:381.899   Value=0x00000002
T88C4 000:381.915 - 0.249ms returns 0
T88C4 000:381.927 JLINK_CORESIGHT_ReadAPDPReg(AP reg 0x03)
T88C4 000:382.162   Value=0x00000002
T88C4 000:382.185 - 0.258ms returns 0
T88C4 000:382.199 JLINK_CORESIGHT_ReadAPDPReg(AP reg 0x03)
T88C4 000:382.444   Value=0x00000002
T88C4 000:382.461 - 0.262ms returns 0
T88C4 000:382.473 JLINK_CORESIGHT_ReadAPDPReg(AP reg 0x03)
T88C4 000:382.706   Value=0x00000002
T88C4 000:382.723 - 0.249ms returns 0
T88C4 000:382.790 JLINK_CORESIGHT_ReadAPDPReg(AP reg 0x03)
T88C4 000:383.024   Value=0x00000002
T88C4 000:383.042 - 0.252ms returns 0
T88C4 000:383.054 JLINK_CORESIGHT_ReadAPDPReg(AP reg 0x03)
T88C4 000:383.287   Value=0x00000002
T88C4 000:383.304 - 0.250ms returns 0
T88C4 000:383.317 JLINK_CORESIGHT_ReadAPDPReg(AP reg 0x03)
T88C4 000:383.580   Value=0x00000002
T88C4 000:383.597 - 0.279ms returns 0
T88C4 000:383.609 JLINK_CORESIGHT_ReadAPDPReg(AP reg 0x03)
T88C4 000:383.839   Value=0x00000002
T88C4 000:383.856 - 0.246ms returns 0
T88C4 000:383.868 JLINK_CORESIGHT_ReadAPDPReg(AP reg 0x03)
T88C4 000:384.104   Value=0x00000002
T88C4 000:384.121 - 0.252ms returns 0
T88C4 000:384.133 JLINK_CORESIGHT_ReadAPDPReg(AP reg 0x03)
T88C4 000:384.367   Value=0x00000002
T88C4 000:384.383 - 0.250ms returns 0
T88C4 000:384.396 JLINK_CORESIGHT_ReadAPDPReg(AP reg 0x03)
T88C4 000:384.629   Value=0x00000002
T88C4 000:384.646 - 0.250ms returns 0
T88C4 000:384.658 JLINK_CORESIGHT_ReadAPDPReg(AP reg 0x03)
T88C4 000:384.909   Value=0x00000002
T88C4 000:384.933 - 0.275ms returns 0
T88C4 000:384.947 JLINK_CORESIGHT_ReadAPDPReg(AP reg 0x03)
T88C4 000:385.225   Value=0x00000002
T88C4 000:385.247 - 0.300ms returns 0
T88C4 000:385.260 JLINK_CORESIGHT_ReadAPDPReg(AP reg 0x03)
T88C4 000:385.499   Value=0x00000002
T88C4 000:385.517 - 0.256ms returns 0
T88C4 000:385.529 JLINK_CORESIGHT_ReadAPDPReg(AP reg 0x03)
T88C4 000:385.778   Value=0x00000002
T88C4 000:385.805 - 0.275ms returns 0
T88C4 000:385.819 JLINK_CORESIGHT_ReadAPDPReg(AP reg 0x03)
T88C4 000:386.106   Value=0x00000002
T88C4 000:386.128 - 0.309ms returns 0
T88C4 000:386.141 JLINK_CORESIGHT_ReadAPDPReg(AP reg 0x03)
T88C4 000:386.378   Value=0x00000002
T88C4 000:386.395 - 0.253ms returns 0
T88C4 000:386.408 JLINK_CORESIGHT_ReadAPDPReg(AP reg 0x03)
T88C4 000:386.656   Value=0x00000002
T88C4 000:386.672 - 0.265ms returns 0
T88C4 000:386.685 JLINK_CORESIGHT_ReadAPDPReg(AP reg 0x03)
T88C4 000:386.924   Value=0x00000002
T88C4 000:386.947 - 0.262ms returns 0
T88C4 000:386.960 JLINK_CORESIGHT_ReadAPDPReg(AP reg 0x03)
T88C4 000:388.334   Value=0x00000002
T88C4 000:388.374 - 1.413ms returns 0
T88C4 000:388.390 JLINK_CORESIGHT_ReadAPDPReg(AP reg 0x03)
T88C4 000:390.849   Value=0x00000002
T88C4 000:390.887 - 2.496ms returns 0
T88C4 000:390.907 JLINK_CORESIGHT_ReadAPDPReg(AP reg 0x03)
T88C4 000:391.350   Value=0x00000002
T88C4 000:391.382 - 0.474ms returns 0
T88C4 000:391.397 JLINK_CORESIGHT_ReadAPDPReg(AP reg 0x03)
T88C4 000:391.716   Value=0x00000002
T88C4 000:391.744 - 0.346ms returns 0
T88C4 000:391.760 JLINK_CORESIGHT_ReadAPDPReg(AP reg 0x03)
T88C4 000:392.013   Value=0x00000002
T88C4 000:392.030 - 0.269ms returns 0
T88C4 000:392.043 JLINK_CORESIGHT_ReadAPDPReg(AP reg 0x03)
T88C4 000:392.282   Value=0x00000002
T88C4 000:392.298 - 0.255ms returns 0
T88C4 000:392.311 JLINK_CORESIGHT_ReadAPDPReg(AP reg 0x03)
T88C4 000:392.546   Value=0x00000002
T88C4 000:392.562 - 0.250ms returns 0
T88C4 000:392.575 JLINK_CORESIGHT_ReadAPDPReg(AP reg 0x03)
T88C4 000:392.803   Value=0x00000002
T88C4 000:392.819 - 0.244ms returns 0
T88C4 000:392.833 JLINK_CORESIGHT_ReadAPDPReg(AP reg 0x03)
T88C4 000:393.117   Value=0x00000002
T88C4 000:393.141 - 0.308ms returns 0
T88C4 000:393.156 JLINK_CORESIGHT_ReadAPDPReg(AP reg 0x03)
T88C4 000:393.416   Value=0x00000002
T88C4 000:393.433 - 0.276ms returns 0
T88C4 000:393.447 JLINK_CORESIGHT_ReadAPDPReg(AP reg 0x03)
T88C4 000:393.673   Value=0x00000002
T88C4 000:393.690 - 0.243ms returns 0
T88C4 000:393.704 JLINK_CORESIGHT_ReadAPDPReg(AP reg 0x03)
T88C4 000:393.942   Value=0x00000002
T88C4 000:393.958 - 0.254ms returns 0
T88C4 000:393.972 JLINK_CORESIGHT_ReadAPDPReg(AP reg 0x03)
T88C4 000:394.280   Value=0x00000002
T88C4 000:394.296 - 0.324ms returns 0
T88C4 000:394.309 JLINK_CORESIGHT_ReadAPDPReg(AP reg 0x03)
T88C4 000:394.545   Value=0x00000002
T88C4 000:394.561 - 0.251ms returns 0
T88C4 000:394.575 JLINK_CORESIGHT_ReadAPDPReg(AP reg 0x03)
T88C4 000:394.828   Value=0x00000000
T88C4 000:394.844 - 0.268ms returns 0
T88C4 000:394.864 JLINK_CORESIGHT_WriteAPDPReg(AP reg 0x00, 0x80000002)
T88C4 000:395.131 - 0.267ms returns 0
T88C4 000:395.147 JLINK_CORESIGHT_WriteAPDPReg(AP reg 0x01, 0x80011130)
T88C4 000:395.340 - 0.193ms returns 0
T88C4 000:395.355 JLINK_CORESIGHT_ReadAPDPReg(AP reg 0x03)
T88C4 000:395.592   Value=0x4E0A0081
T88C4 000:395.609 - 0.253ms returns 0
T88C4 000:395.622 JLINK_CORESIGHT_WriteAPDPReg(AP reg 0x00, 0x80000002)
T88C4 000:395.808 - 0.185ms returns 0
T88C4 000:395.823 JLINK_CORESIGHT_WriteAPDPReg(AP reg 0x01, 0x80011140)
T88C4 000:396.022 - 0.198ms returns 0
T88C4 000:396.037 JLINK_CORESIGHT_ReadAPDPReg(AP reg 0x03)
T88C4 000:396.274   Value=0x00000000
T88C4 000:396.290 - 0.252ms returns 0
T88C4 000:396.304 JLINK_CORESIGHT_WriteAPDPReg(AP reg 0x00, 0x80000002)
T88C4 000:396.488 - 0.184ms returns 0
T88C4 000:396.503 JLINK_CORESIGHT_WriteAPDPReg(AP reg 0x01, 0x80011130)
T88C4 000:396.699 - 0.195ms returns 0
T88C4 000:396.721 JLINK_CORESIGHT_ReadAPDPReg(AP reg 0x03)
T88C4 000:396.959   Value=0xFFFFFF00
T88C4 000:396.976 - 0.254ms returns 0
T88C4 000:396.990 JLINK_CORESIGHT_WriteAPDPReg(AP reg 0x00, 0x80000002)
T88C4 000:397.244 - 0.253ms returns 0
T88C4 000:397.259 JLINK_CORESIGHT_WriteAPDPReg(AP reg 0x01, 0x80011140)
T88C4 000:397.452 - 0.193ms returns 0
T88C4 000:397.468 JLINK_CORESIGHT_ReadAPDPReg(AP reg 0x03)
T88C4 000:397.723   Value=0x00000000
T88C4 000:397.746 - 0.277ms returns 0
T88C4 000:397.761 JLINK_CORESIGHT_WriteAPDPReg(AP reg 0x00, 0x80000002)
T88C4 000:397.958 - 0.197ms returns 0
T88C4 000:397.974 JLINK_CORESIGHT_WriteAPDPReg(AP reg 0x01, 0x80011130)
T88C4 000:398.240 - 0.266ms returns 0
T88C4 000:398.256 JLINK_CORESIGHT_ReadAPDPReg(AP reg 0x03)
T88C4 000:398.535   Value=0xFFFFFFFF
T88C4 000:398.551 - 0.295ms returns 0
T88C4 000:398.565 JLINK_CORESIGHT_WriteAPDPReg(AP reg 0x00, 0x80000002)
T88C4 000:398.759 - 0.193ms returns 0
T88C4 000:398.774 JLINK_CORESIGHT_WriteAPDPReg(AP reg 0x01, 0x80011140)
T88C4 000:398.965 - 0.191ms returns 0
T88C4 000:398.981 JLINK_CORESIGHT_ReadAPDPReg(AP reg 0x03)
T88C4 000:399.279   Value=0x00000000
T88C4 000:399.296 - 0.315ms returns 0
T88C4 000:399.310 JLINK_CORESIGHT_WriteAPDPReg(AP reg 0x00, 0x80000002)
T88C4 000:399.503 - 0.193ms returns 0
T88C4 000:399.519 JLINK_CORESIGHT_WriteAPDPReg(AP reg 0x01, 0x80011130)
T88C4 000:399.713 - 0.194ms returns 0
T88C4 000:399.735 JLINK_CORESIGHT_ReadAPDPReg(AP reg 0x03)
T88C4 000:399.967   Value=0x0003B0FF
T88C4 000:399.984 - 0.249ms returns 0
T88C4 000:400.034 JLINK_CORESIGHT_WriteAPDPReg(AP reg 0x00, 0x80000002)
T88C4 000:400.237 - 0.203ms returns 0
T88C4 000:400.251 JLINK_CORESIGHT_WriteAPDPReg(AP reg 0x01, 0x80011140)
T88C4 000:400.452 - 0.200ms returns 0
T88C4 000:400.466 JLINK_CORESIGHT_ReadAPDPReg(AP reg 0x03)
T88C4 000:400.708   Value=0x00000002
T88C4 000:400.730 - 0.264ms returns 0
T88C4 000:400.744 JLINK_CORESIGHT_WriteAPDPReg(AP reg 0x00, 0x80000002)
T88C4 000:400.932 - 0.188ms returns 0
T88C4 000:400.946 JLINK_CORESIGHT_WriteAPDPReg(AP reg 0x01, 0x80011120)
T88C4 000:401.160 - 0.214ms returns 0
T88C4 000:401.175 JLINK_CORESIGHT_WriteAPDPReg(AP reg 0x03, 0x4F010001)
T88C4 000:401.366 - 0.191ms returns 0
T88C4 000:401.381 JLINK_CORESIGHT_WriteAPDPReg(AP reg 0x00, 0x80000002)
T88C4 000:401.577 - 0.196ms returns 0
T88C4 000:401.592 JLINK_CORESIGHT_WriteAPDPReg(AP reg 0x01, 0x80011140)
T88C4 000:401.784 - 0.192ms returns 0
T88C4 000:401.798 JLINK_CORESIGHT_ReadAPDPReg(AP reg 0x03)
T88C4 000:402.104   Value=0x00000002
T88C4 000:402.121 - 0.322ms returns 0
T88C4 000:402.134 JLINK_CORESIGHT_WriteAPDPReg(AP reg 0x00, 0x80000002)
T88C4 000:402.327 - 0.193ms returns 0
T88C4 000:402.342 JLINK_CORESIGHT_WriteAPDPReg(AP reg 0x01, 0x80011120)
T88C4 000:402.533 - 0.192ms returns 0
T88C4 000:402.548 JLINK_CORESIGHT_WriteAPDPReg(AP reg 0x03, 0x000003B0)
T88C4 000:402.792 - 0.244ms returns 0
T88C4 000:402.813 JLINK_CORESIGHT_WriteAPDPReg(AP reg 0x00, 0x80000002)
T88C4 000:403.010 - 0.197ms returns 0
T88C4 000:403.025 JLINK_CORESIGHT_WriteAPDPReg(AP reg 0x01, 0x80011140)
T88C4 000:403.239 - 0.214ms returns 0
T88C4 000:403.257 JLINK_CORESIGHT_ReadAPDPReg(AP reg 0x03)
T88C4 000:403.490   Value=0x00000000
T88C4 000:403.507 - 0.250ms returns 0
T88C4 000:403.520 JLINK_CORESIGHT_WriteAPDPReg(AP reg 0x00, 0x80000002)
T88C4 000:405.037 - 1.516ms returns 0
T88C4 000:405.222 JLINK_CORESIGHT_WriteAPDPReg(AP reg 0x01, 0x80011130)
T88C4 000:405.698 - 0.476ms returns 0
T88C4 000:405.743 JLINK_CORESIGHT_ReadAPDPReg(AP reg 0x03)
T88C4 000:406.113   Value=0x4F0B0081
T88C4 000:406.159 - 0.416ms returns 0
T88C4 000:406.183 JLINK_CORESIGHT_WriteAPDPReg(AP reg 0x00, 0x80000002)
T88C4 000:406.528 - 0.345ms returns 0
T88C4 000:406.557 JLINK_CORESIGHT_WriteAPDPReg(AP reg 0x01, 0x80011140)
T88C4 000:406.786 - 0.228ms returns 0
T88C4 000:406.812 JLINK_CORESIGHT_ReadAPDPReg(AP reg 0x03)
T88C4 000:407.109   Value=0x00000000
T88C4 000:407.143 - 0.330ms returns 0
T88C4 000:407.157 JLINK_CORESIGHT_WriteAPDPReg(AP reg 0x00, 0x80000002)
T88C4 000:407.363 - 0.205ms returns 0
T88C4 000:407.404 JLINK_CORESIGHT_WriteAPDPReg(AP reg 0x01, 0x80011130)
T88C4 000:407.612 - 0.208ms returns 0
T88C4 000:407.627 JLINK_CORESIGHT_ReadAPDPReg(AP reg 0x03)
T88C4 000:407.862   Value=0x20001B00
T88C4 000:407.884 - 0.257ms returns 0
T88C4 000:407.898 JLINK_CORESIGHT_WriteAPDPReg(AP reg 0x00, 0x80000002)
T88C4 000:408.107 - 0.208ms returns 0
T88C4 000:408.121 JLINK_CORESIGHT_WriteAPDPReg(AP reg 0x01, 0x80011140)
T88C4 000:408.327 - 0.206ms returns 0
T88C4 000:408.341 JLINK_CORESIGHT_ReadAPDPReg(AP reg 0x03)
T88C4 000:408.580   Value=0x00000000
T88C4 000:408.596 - 0.255ms returns 0
T88C4 000:408.609 JLINK_CORESIGHT_WriteAPDPReg(AP reg 0x00, 0x80000002)
T88C4 000:408.795 - 0.186ms returns 0
T88C4 000:408.808 JLINK_CORESIGHT_WriteAPDPReg(AP reg 0x01, 0x80011130)
T88C4 000:409.105 - 0.296ms returns 0
T88C4 000:409.119 JLINK_CORESIGHT_ReadAPDPReg(AP reg 0x03)
T88C4 000:409.361   Value=0x0B000000
T88C4 000:409.377 - 0.258ms returns 0
T88C4 000:409.389 JLINK_CORESIGHT_WriteAPDPReg(AP reg 0x00, 0x80000002)
T88C4 000:409.577 - 0.188ms returns 0
T88C4 000:409.591 JLINK_CORESIGHT_WriteAPDPReg(AP reg 0x01, 0x80011140)
T88C4 000:409.783 - 0.192ms returns 0
T88C4 000:409.800 JLINK_CORESIGHT_ReadAPDPReg(AP reg 0x03)
T88C4 000:410.106   Value=0x00000000
T88C4 000:410.122 - 0.322ms returns 0
T88C4 000:410.134 JLINK_CORESIGHT_WriteAPDPReg(AP reg 0x00, 0x80000002)
T88C4 000:410.331 - 0.196ms returns 0
T88C4 000:410.344 JLINK_CORESIGHT_WriteAPDPReg(AP reg 0x01, 0x80011130)
T88C4 000:410.547 - 0.203ms returns 0
T88C4 000:410.561 JLINK_CORESIGHT_ReadAPDPReg(AP reg 0x03)
T88C4 000:410.799   Value=0x03501000
T88C4 000:410.815 - 0.254ms returns 0
T88C4 000:410.967 JLINK_CORESIGHT_WriteAPDPReg(AP reg 0x00, 0x80000002)
T88C4 000:411.240 - 0.273ms returns 0
T88C4 000:411.254 JLINK_CORESIGHT_WriteAPDPReg(AP reg 0x01, 0x80011140)
T88C4 000:411.448 - 0.194ms returns 0
T88C4 000:411.462 JLINK_CORESIGHT_ReadAPDPReg(AP reg 0x03)
T88C4 000:411.698   Value=0x00000002
T88C4 000:411.715 - 0.253ms returns 0
T88C4 000:411.727 JLINK_CORESIGHT_WriteAPDPReg(AP reg 0x00, 0x80000002)
T88C4 000:411.963 - 0.235ms returns 0
T88C4 000:411.977 JLINK_CORESIGHT_WriteAPDPReg(AP reg 0x01, 0x80011120)
T88C4 000:412.240 - 0.262ms returns 0
T88C4 000:412.253 JLINK_CORESIGHT_WriteAPDPReg(AP reg 0x03, 0x4F010001)
T88C4 000:412.443 - 0.189ms returns 0
T88C4 000:412.457 JLINK_CORESIGHT_WriteAPDPReg(AP reg 0x00, 0x80000002)
T88C4 000:412.663 - 0.206ms returns 0
T88C4 000:412.677 JLINK_CORESIGHT_WriteAPDPReg(AP reg 0x01, 0x80011140)
T88C4 000:412.867 - 0.190ms returns 0
T88C4 000:412.882 JLINK_CORESIGHT_ReadAPDPReg(AP reg 0x03)
T88C4 000:413.165   Value=0x00000002
T88C4 000:413.188 - 0.306ms returns 0
T88C4 000:413.202 JLINK_CORESIGHT_WriteAPDPReg(AP reg 0x00, 0x80000002)
T88C4 000:413.417 - 0.215ms returns 0
T88C4 000:413.431 JLINK_CORESIGHT_WriteAPDPReg(AP reg 0x01, 0x80011120)
T88C4 000:413.624 - 0.192ms returns 0
T88C4 000:413.638 JLINK_CORESIGHT_WriteAPDPReg(AP reg 0x03, 0x000003B0)
T88C4 000:413.839 - 0.200ms returns 0
T88C4 000:413.861 JLINK_CORESIGHT_WriteAPDPReg(AP reg 0x00, 0x80000002)
T88C4 000:414.105 - 0.244ms returns 0
T88C4 000:414.119 JLINK_CORESIGHT_WriteAPDPReg(AP reg 0x01, 0x80011140)
T88C4 000:414.304 - 0.185ms returns 0
T88C4 000:414.318 JLINK_CORESIGHT_ReadAPDPReg(AP reg 0x03)
T88C4 000:414.554   Value=0x00000000
T88C4 000:414.572 - 0.253ms returns 0
T88C4 000:414.584 JLINK_CORESIGHT_WriteAPDPReg(AP reg 0x00, 0x80000002)
T88C4 000:414.771 - 0.187ms returns 0
T88C4 000:414.785 JLINK_CORESIGHT_WriteAPDPReg(AP reg 0x01, 0x80011130)
T88C4 000:414.984 - 0.199ms returns 0
T88C4 000:414.998 JLINK_CORESIGHT_ReadAPDPReg(AP reg 0x03)
T88C4 000:415.279   Value=0x4F0B0081
T88C4 000:415.296 - 0.297ms returns 0
T88C4 000:415.308 JLINK_CORESIGHT_WriteAPDPReg(AP reg 0x00, 0x80000002)
T88C4 000:415.494 - 0.185ms returns 0
T88C4 000:415.507 JLINK_CORESIGHT_WriteAPDPReg(AP reg 0x01, 0x80011140)
T88C4 000:415.702 - 0.194ms returns 0
T88C4 000:415.717 JLINK_CORESIGHT_ReadAPDPReg(AP reg 0x03)
T88C4 000:415.957   Value=0x00000000
T88C4 000:415.975 - 0.257ms returns 0
T88C4 000:415.988 JLINK_CORESIGHT_WriteAPDPReg(AP reg 0x00, 0x80000002)
T88C4 000:416.241 - 0.252ms returns 0
T88C4 000:416.257 JLINK_CORESIGHT_WriteAPDPReg(AP reg 0x01, 0x80011130)
T88C4 000:416.447 - 0.190ms returns 0
T88C4 000:416.462 JLINK_CORESIGHT_ReadAPDPReg(AP reg 0x03)
T88C4 000:416.733   Value=0x20001B00
T88C4 000:416.757 - 0.295ms returns 0
T88C4 000:416.772 JLINK_CORESIGHT_WriteAPDPReg(AP reg 0x00, 0x80000002)
T88C4 000:416.986 - 0.214ms returns 0
T88C4 000:417.000 JLINK_CORESIGHT_WriteAPDPReg(AP reg 0x01, 0x80011140)
T88C4 000:417.239 - 0.239ms returns 0
T88C4 000:417.253 JLINK_CORESIGHT_ReadAPDPReg(AP reg 0x03)
T88C4 000:417.487   Value=0x00000000
T88C4 000:417.503 - 0.250ms returns 0
T88C4 000:417.516 JLINK_CORESIGHT_WriteAPDPReg(AP reg 0x00, 0x80000002)
T88C4 000:417.703 - 0.186ms returns 0
T88C4 000:417.723 JLINK_CORESIGHT_WriteAPDPReg(AP reg 0x01, 0x80011130)
T88C4 000:417.928 - 0.204ms returns 0
T88C4 000:417.942 JLINK_CORESIGHT_ReadAPDPReg(AP reg 0x03)
T88C4 000:418.205   Value=0x0B000000
T88C4 000:418.228 - 0.285ms returns 0
T88C4 000:418.241 JLINK_CORESIGHT_WriteAPDPReg(AP reg 0x00, 0x80000002)
T88C4 000:418.441 - 0.199ms returns 0
T88C4 000:418.460 JLINK_CORESIGHT_WriteAPDPReg(AP reg 0x01, 0x80011140)
T88C4 000:418.784 - 0.324ms returns 0
T88C4 000:418.809 JLINK_CORESIGHT_ReadAPDPReg(AP reg 0x03)
T88C4 000:419.108   Value=0x00000000
T88C4 000:419.134 - 0.324ms returns 0
T88C4 000:419.148 JLINK_CORESIGHT_WriteAPDPReg(AP reg 0x00, 0x80000002)
T88C4 000:419.389 - 0.240ms returns 0
T88C4 000:419.412 JLINK_CORESIGHT_WriteAPDPReg(AP reg 0x01, 0x80011130)
T88C4 000:419.603 - 0.191ms returns 0
T88C4 000:419.617 JLINK_CORESIGHT_ReadAPDPReg(AP reg 0x03)
T88C4 000:419.858   Value=0x03501000
T88C4 000:419.875 - 0.258ms returns 0
T88C4 000:419.892 JLINK_CORESIGHT_ReadAPDPReg(DP reg 0x01)
T88C4 000:420.106   Value=0xF0000F40
T88C4 000:420.122 - 0.230ms returns 0
T88C4 000:420.134 JLINK_CORESIGHT_WriteAPDPReg(DP reg 0x01, 0xA0000F40)
T88C4 000:420.327 - 0.193ms returns 0
T88C4 000:420.341 JLINK_CORESIGHT_ReadAPDPReg(DP reg 0x01)
T88C4 000:422.405   Value=0x00000F40
T88C4 000:422.450 - 2.108ms returns 0
T88C4 000:422.467 JLINK_ClrRESET()
T88C4 000:423.591 - 1.123ms 
T88C4 000:531.986 JLINK_Close()
T88C4 000:544.821 - 12.833ms
T88C4 000:544.867   
T88C4 000:544.880   Closed
